[20:04:45] [main/INFO]: Setting user: hadashiya
[20:04:48] [Client thread/INFO]: LWJGL Version: 2.9.1
[20:05:04] [Client thread/INFO]: Reloading ResourceManager: Default, FMLFileResourcePack:Forge Mod Loader, FMLFileResourcePack:Minecraft Forge, Default, FMLFileResourcePack:BambooMod, FMLFileResourcePack:ExtrabiomesXL, FMLFileResourcePack:Inventory Tweaks, FMLFileResourcePack:lmmx, FMLFileResourcePack:MMMLibX, FMLFileResourcePack:zabuton, FMLFileResourcePack:LotMetaBlockMod, FMLFileResourcePack:Rei's Minimap, Halcyon Days v1.2 [1.6-1.7].zip
[20:05:04] [Client thread/WARN]: ResourcePack: ignored non-lowercase namespace: %s in %s
[20:05:04] [Client thread/WARN]: ResourcePack: ignored non-lowercase namespace: %s in %s
[20:05:04] [Client thread/WARN]: ResourcePack: ignored non-lowercase namespace: %s in %s
[20:05:04] [Client thread/WARN]: ResourcePack: ignored non-lowercase namespace: %s in %s
[20:05:04] [Client thread/WARN]: ResourcePack: ignored non-lowercase namespace: %s in %s
[20:05:04] [Client thread/WARN]: ResourcePack: ignored non-lowercase namespace: %s in %s
[20:05:04] [Client thread/WARN]: ResourcePack: ignored non-lowercase namespace: %s in %s
[20:05:04] [Client thread/WARN]: ResourcePack: ignored non-lowercase namespace: %s in %s
[20:05:04] [Client thread/WARN]: ResourcePack: ignored non-lowercase namespace: %s in %s
[20:05:04] [Client thread/WARN]: ResourcePack: ignored non-lowercase namespace: %s in %s
[20:05:04] [Client thread/WARN]: ResourcePack: ignored non-lowercase namespace: %s in %s
[20:05:04] [Client thread/WARN]: ResourcePack: ignored non-lowercase namespace: %s in %s
[20:05:04] [Client thread/WARN]: ResourcePack: ignored non-lowercase namespace: %s in %s
[20:05:04] [Client thread/WARN]: ResourcePack: ignored non-lowercase namespace: %s in %s
[20:05:04] [Client thread/WARN]: ResourcePack: ignored non-lowercase namespace: %s in %s
[20:05:04] [Client thread/WARN]: ResourcePack: ignored non-lowercase namespace: %s in %s
[20:05:04] [Client thread/WARN]: ResourcePack: ignored non-lowercase namespace: %s in %s
[20:05:04] [Client thread/WARN]: ResourcePack: ignored non-lowercase namespace: %s in %s
[20:05:04] [Client thread/WARN]: ResourcePack: ignored non-lowercase namespace: %s in %s
[20:05:04] [Client thread/WARN]: ResourcePack: ignored non-lowercase namespace: %s in %s
[20:05:04] [Client thread/WARN]: ResourcePack: ignored non-lowercase namespace: %s in %s
[20:05:04] [Client thread/WARN]: ResourcePack: ignored non-lowercase namespace: %s in %s
[20:05:04] [Client thread/WARN]: ResourcePack: ignored non-lowercase namespace: %s in %s
[20:05:04] [Client thread/WARN]: ResourcePack: ignored non-lowercase namespace: %s in %s
[20:05:04] [Client thread/WARN]: ResourcePack: ignored non-lowercase namespace: %s in %s
[20:05:04] [Client thread/WARN]: ResourcePack: ignored non-lowercase namespace: %s in %s
[20:05:04] [Client thread/WARN]: ResourcePack: ignored non-lowercase namespace: %s in %s
[20:05:04] [Client thread/WARN]: ResourcePack: ignored non-lowercase namespace: %s in %s
[20:05:04] [Client thread/WARN]: ResourcePack: ignored non-lowercase namespace: %s in %s
[20:05:04] [Client thread/WARN]: ResourcePack: ignored non-lowercase namespace: %s in %s
[20:05:04] [Client thread/WARN]: ResourcePack: ignored non-lowercase namespace: %s in %s
[20:05:04] [Client thread/WARN]: ResourcePack: ignored non-lowercase namespace: %s in %s
[20:05:04] [Client thread/WARN]: ResourcePack: ignored non-lowercase namespace: %s in %s
[20:05:04] [Client thread/WARN]: ResourcePack: ignored non-lowercase namespace: %s in %s
[20:05:04] [Client thread/WARN]: ResourcePack: ignored non-lowercase namespace: %s in %s
[20:05:04] [Client thread/WARN]: ResourcePack: ignored non-lowercase namespace: %s in %s
[20:05:04] [Client thread/WARN]: ResourcePack: ignored non-lowercase namespace: %s in %s
[20:05:04] [Client thread/WARN]: ResourcePack: ignored non-lowercase namespace: %s in %s
[20:05:04] [Client thread/WARN]: ResourcePack: ignored non-lowercase namespace: %s in %s
[20:05:04] [Client thread/WARN]: ResourcePack: ignored non-lowercase namespace: %s in %s
[20:05:04] [Client thread/WARN]: ResourcePack: ignored non-lowercase namespace: %s in %s
[20:05:04] [Client thread/WARN]: ResourcePack: ignored non-lowercase namespace: %s in %s
[20:05:04] [Client thread/WARN]: ResourcePack: ignored non-lowercase namespace: %s in %s
[20:05:04] [Client thread/WARN]: ResourcePack: ignored non-lowercase namespace: %s in %s
[20:05:04] [Client thread/WARN]: ResourcePack: ignored non-lowercase namespace: %s in %s
[20:05:04] [Client thread/WARN]: ResourcePack: ignored non-lowercase namespace: %s in %s
[20:05:04] [Client thread/WARN]: ResourcePack: ignored non-lowercase namespace: %s in %s
[20:05:04] [Client thread/WARN]: ResourcePack: ignored non-lowercase namespace: %s in %s
[20:05:04] [Client thread/WARN]: ResourcePack: ignored non-lowercase namespace: %s in %s
[20:05:04] [Client thread/WARN]: ResourcePack: ignored non-lowercase namespace: %s in %s
[20:05:04] [Client thread/WARN]: ResourcePack: ignored non-lowercase namespace: %s in %s
[20:05:04] [Client thread/WARN]: ResourcePack: ignored non-lowercase namespace: %s in %s
[20:05:04] [Client thread/WARN]: ResourcePack: ignored non-lowercase namespace: %s in %s
[20:05:04] [Client thread/WARN]: ResourcePack: ignored non-lowercase namespace: %s in %s
[20:05:04] [Client thread/WARN]: ResourcePack: ignored non-lowercase namespace: %s in %s
[20:05:04] [Client thread/WARN]: ResourcePack: ignored non-lowercase namespace: %s in %s
[20:05:04] [Client thread/WARN]: ResourcePack: ignored non-lowercase namespace: %s in %s
[20:05:04] [Client thread/WARN]: ResourcePack: ignored non-lowercase namespace: %s in %s
[20:05:04] [Client thread/WARN]: ResourcePack: ignored non-lowercase namespace: %s in %s
[20:05:04] [Client thread/WARN]: ResourcePack: ignored non-lowercase namespace: %s in %s
[20:05:04] [Client thread/WARN]: ResourcePack: ignored non-lowercase namespace: %s in %s
[20:05:04] [Client thread/WARN]: ResourcePack: ignored non-lowercase namespace: %s in %s
[20:05:04] [Client thread/WARN]: ResourcePack: ignored non-lowercase namespace: %s in %s
[20:05:04] [Client thread/WARN]: ResourcePack: ignored non-lowercase namespace: %s in %s
[20:05:04] [Client thread/WARN]: ResourcePack: ignored non-lowercase namespace: %s in %s
[20:05:04] [Client thread/WARN]: ResourcePack: ignored non-lowercase namespace: %s in %s
[20:05:04] [Client thread/WARN]: ResourcePack: ignored non-lowercase namespace: %s in %s
[20:05:04] [Client thread/WARN]: ResourcePack: ignored non-lowercase namespace: %s in %s
[20:05:04] [Client thread/WARN]: ResourcePack: ignored non-lowercase namespace: %s in %s
[20:05:04] [Client thread/WARN]: ResourcePack: ignored non-lowercase namespace: %s in %s
[20:05:04] [Client thread/WARN]: ResourcePack: ignored non-lowercase namespace: %s in %s
[20:05:04] [Client thread/WARN]: ResourcePack: ignored non-lowercase namespace: %s in %s
[20:05:04] [Client thread/WARN]: ResourcePack: ignored non-lowercase namespace: %s in %s
[20:05:04] [Client thread/WARN]: ResourcePack: ignored non-lowercase namespace: %s in %s
[20:05:04] [Client thread/WARN]: ResourcePack: ignored non-lowercase namespace: %s in %s
[20:05:04] [Client thread/WARN]: ResourcePack: ignored non-lowercase namespace: %s in %s
[20:05:04] [Client thread/WARN]: ResourcePack: ignored non-lowercase namespace: %s in %s
[20:05:04] [Client thread/WARN]: ResourcePack: ignored non-lowercase namespace: %s in %s
[20:05:04] [Client thread/WARN]: ResourcePack: ignored non-lowercase namespace: %s in %s
[20:05:04] [Client thread/WARN]: ResourcePack: ignored non-lowercase namespace: %s in %s
[20:05:04] [Client thread/WARN]: ResourcePack: ignored non-lowercase namespace: %s in %s
[20:05:04] [Client thread/WARN]: ResourcePack: ignored non-lowercase namespace: %s in %s
[20:05:04] [Client thread/WARN]: ResourcePack: ignored non-lowercase namespace: %s in %s
[20:05:04] [Client thread/WARN]: ResourcePack: ignored non-lowercase namespace: %s in %s
[20:05:04] [Client thread/WARN]: ResourcePack: ignored non-lowercase namespace: %s in %s
[20:05:04] [Client thread/WARN]: ResourcePack: ignored non-lowercase namespace: %s in %s
[20:05:04] [Client thread/WARN]: ResourcePack: ignored non-lowercase namespace: %s in %s
[20:05:04] [Client thread/WARN]: ResourcePack: ignored non-lowercase namespace: %s in %s
[20:05:04] [Client thread/WARN]: ResourcePack: ignored non-lowercase namespace: %s in %s
[20:05:04] [Client thread/WARN]: ResourcePack: ignored non-lowercase namespace: %s in %s
[20:05:04] [Client thread/WARN]: ResourcePack: ignored non-lowercase namespace: %s in %s
[20:05:04] [Client thread/WARN]: ResourcePack: ignored non-lowercase namespace: %s in %s
[20:05:04] [Client thread/WARN]: ResourcePack: ignored non-lowercase namespace: %s in %s
[20:05:04] [Client thread/WARN]: ResourcePack: ignored non-lowercase namespace: %s in %s
[20:05:04] [Client thread/WARN]: ResourcePack: ignored non-lowercase namespace: %s in %s
[20:05:04] [Client thread/WARN]: ResourcePack: ignored non-lowercase namespace: %s in %s
[20:05:04] [Client thread/WARN]: ResourcePack: ignored non-lowercase namespace: %s in %s
[20:05:04] [Client thread/WARN]: ResourcePack: ignored non-lowercase namespace: %s in %s
[20:05:04] [Client thread/WARN]: ResourcePack: ignored non-lowercase namespace: %s in %s
[20:05:04] [Client thread/WARN]: ResourcePack: ignored non-lowercase namespace: %s in %s
[20:05:04] [Client thread/WARN]: ResourcePack: ignored non-lowercase namespace: %s in %s
[20:05:04] [Client thread/WARN]: ResourcePack: ignored non-lowercase namespace: %s in %s
[20:05:04] [Client thread/WARN]: ResourcePack: ignored non-lowercase namespace: %s in %s
[20:05:04] [Client thread/WARN]: ResourcePack: ignored non-lowercase namespace: %s in %s
[20:05:04] [Client thread/WARN]: ResourcePack: ignored non-lowercase namespace: %s in %s
[20:05:04] [Client thread/WARN]: ResourcePack: ignored non-lowercase namespace: %s in %s
[20:05:04] [Client thread/WARN]: ResourcePack: ignored non-lowercase namespace: %s in %s
[20:05:04] [Client thread/WARN]: ResourcePack: ignored non-lowercase namespace: %s in %s
[20:05:04] [Client thread/WARN]: ResourcePack: ignored non-lowercase namespace: %s in %s
[20:05:04] [Client thread/WARN]: ResourcePack: ignored non-lowercase namespace: %s in %s
[20:05:04] [Client thread/WARN]: ResourcePack: ignored non-lowercase namespace: %s in %s
[20:05:04] [Client thread/WARN]: ResourcePack: ignored non-lowercase namespace: %s in %s
[20:05:04] [Client thread/WARN]: ResourcePack: ignored non-lowercase namespace: %s in %s
[20:05:04] [Client thread/WARN]: ResourcePack: ignored non-lowercase namespace: %s in %s
[20:05:04] [Client thread/WARN]: ResourcePack: ignored non-lowercase namespace: %s in %s
[20:05:04] [Client thread/WARN]: ResourcePack: ignored non-lowercase namespace: %s in %s
[20:05:04] [Client thread/WARN]: ResourcePack: ignored non-lowercase namespace: %s in %s
[20:05:04] [Client thread/WARN]: ResourcePack: ignored non-lowercase namespace: %s in %s
[20:05:04] [Client thread/WARN]: ResourcePack: ignored non-lowercase namespace: %s in %s
[20:05:04] [Client thread/WARN]: ResourcePack: ignored non-lowercase namespace: %s in %s
[20:05:04] [Client thread/WARN]: ResourcePack: ignored non-lowercase namespace: %s in %s
[20:05:04] [Client thread/WARN]: ResourcePack: ignored non-lowercase namespace: %s in %s
[20:05:04] [Client thread/WARN]: ResourcePack: ignored non-lowercase namespace: %s in %s
[20:05:04] [Client thread/WARN]: ResourcePack: ignored non-lowercase namespace: %s in %s
[20:05:04] [Client thread/WARN]: ResourcePack: ignored non-lowercase namespace: %s in %s
[20:05:04] [Client thread/WARN]: ResourcePack: ignored non-lowercase namespace: %s in %s
[20:05:04] [Client thread/WARN]: ResourcePack: ignored non-lowercase namespace: %s in %s
[20:05:04] [Client thread/WARN]: ResourcePack: ignored non-lowercase namespace: %s in %s
[20:05:04] [Client thread/WARN]: ResourcePack: ignored non-lowercase namespace: %s in %s
[20:05:04] [Client thread/WARN]: ResourcePack: ignored non-lowercase namespace: %s in %s
[20:05:04] [Client thread/WARN]: ResourcePack: ignored non-lowercase namespace: %s in %s
[20:05:04] [Client thread/WARN]: ResourcePack: ignored non-lowercase namespace: %s in %s
[20:05:04] [Client thread/WARN]: ResourcePack: ignored non-lowercase namespace: %s in %s
[20:05:04] [Client thread/WARN]: ResourcePack: ignored non-lowercase namespace: %s in %s
[20:05:04] [Client thread/WARN]: ResourcePack: ignored non-lowercase namespace: %s in %s
[20:05:15] [Sound Library Loader/INFO]: Sound engine started
[20:05:34] [Client thread/INFO]: Created: 4096x4096 textures/blocks-atlas
[20:05:45] [Client thread/INFO]: Created: 512x512 textures/items-atlas
[20:05:48] [Client thread/INFO]: Reloading ResourceManager: Default, FMLFileResourcePack:Forge Mod Loader, FMLFileResourcePack:Minecraft Forge, Default, FMLFileResourcePack:BambooMod, FMLFileResourcePack:ExtrabiomesXL, FMLFileResourcePack:Inventory Tweaks, FMLFileResourcePack:lmmx, FMLFileResourcePack:MMMLibX, FMLFileResourcePack:zabuton, FMLFileResourcePack:LotMetaBlockMod, FMLFileResourcePack:Rei's Minimap, Halcyon Days v1.2 [1.6-1.7].zip
[20:05:48] [Client thread/WARN]: ResourcePack: ignored non-lowercase namespace: %s in %s
[20:05:48] [Client thread/WARN]: ResourcePack: ignored non-lowercase namespace: %s in %s
[20:05:48] [Client thread/WARN]: ResourcePack: ignored non-lowercase namespace: %s in %s
[20:05:48] [Client thread/WARN]: ResourcePack: ignored non-lowercase namespace: %s in %s
[20:05:48] [Client thread/WARN]: ResourcePack: ignored non-lowercase namespace: %s in %s
[20:05:48] [Client thread/WARN]: ResourcePack: ignored non-lowercase namespace: %s in %s
[20:05:48] [Client thread/WARN]: ResourcePack: ignored non-lowercase namespace: %s in %s
[20:05:48] [Client thread/WARN]: ResourcePack: ignored non-lowercase namespace: %s in %s
[20:05:48] [Client thread/WARN]: ResourcePack: ignored non-lowercase namespace: %s in %s
[20:05:48] [Client thread/WARN]: ResourcePack: ignored non-lowercase namespace: %s in %s
[20:05:48] [Client thread/WARN]: ResourcePack: ignored non-lowercase namespace: %s in %s
[20:05:48] [Client thread/WARN]: ResourcePack: ignored non-lowercase namespace: %s in %s
[20:05:48] [Client thread/WARN]: ResourcePack: ignored non-lowercase namespace: %s in %s
[20:05:48] [Client thread/WARN]: ResourcePack: ignored non-lowercase namespace: %s in %s
[20:05:48] [Client thread/WARN]: ResourcePack: ignored non-lowercase namespace: %s in %s
[20:05:48] [Client thread/WARN]: ResourcePack: ignored non-lowercase namespace: %s in %s
[20:05:48] [Client thread/WARN]: ResourcePack: ignored non-lowercase namespace: %s in %s
[20:05:48] [Client thread/WARN]: ResourcePack: ignored non-lowercase namespace: %s in %s
[20:05:48] [Client thread/WARN]: ResourcePack: ignored non-lowercase namespace: %s in %s
[20:05:48] [Client thread/WARN]: ResourcePack: ignored non-lowercase namespace: %s in %s
[20:05:48] [Client thread/WARN]: ResourcePack: ignored non-lowercase namespace: %s in %s
[20:05:48] [Client thread/WARN]: ResourcePack: ignored non-lowercase namespace: %s in %s
[20:05:48] [Client thread/WARN]: ResourcePack: ignored non-lowercase namespace: %s in %s
[20:05:48] [Client thread/WARN]: ResourcePack: ignored non-lowercase namespace: %s in %s
[20:05:48] [Client thread/WARN]: ResourcePack: ignored non-lowercase namespace: %s in %s
[20:05:48] [Client thread/WARN]: ResourcePack: ignored non-lowercase namespace: %s in %s
[20:05:48] [Client thread/WARN]: ResourcePack: ignored non-lowercase namespace: %s in %s
[20:05:48] [Client thread/WARN]: ResourcePack: ignored non-lowercase namespace: %s in %s
[20:05:48] [Client thread/WARN]: ResourcePack: ignored non-lowercase namespace: %s in %s
[20:05:48] [Client thread/WARN]: ResourcePack: ignored non-lowercase namespace: %s in %s
[20:05:48] [Client thread/WARN]: ResourcePack: ignored non-lowercase namespace: %s in %s
[20:05:48] [Client thread/WARN]: ResourcePack: ignored non-lowercase namespace: %s in %s
[20:05:48] [Client thread/WARN]: ResourcePack: ignored non-lowercase namespace: %s in %s
[20:05:48] [Client thread/WARN]: ResourcePack: ignored non-lowercase namespace: %s in %s
[20:05:48] [Client thread/WARN]: ResourcePack: ignored non-lowercase namespace: %s in %s
[20:05:48] [Client thread/WARN]: ResourcePack: ignored non-lowercase namespace: %s in %s
[20:05:48] [Client thread/WARN]: ResourcePack: ignored non-lowercase namespace: %s in %s
[20:05:48] [Client thread/WARN]: ResourcePack: ignored non-lowercase namespace: %s in %s
[20:05:48] [Client thread/WARN]: ResourcePack: ignored non-lowercase namespace: %s in %s
[20:05:48] [Client thread/WARN]: ResourcePack: ignored non-lowercase namespace: %s in %s
[20:05:48] [Client thread/WARN]: ResourcePack: ignored non-lowercase namespace: %s in %s
[20:05:48] [Client thread/WARN]: ResourcePack: ignored non-lowercase namespace: %s in %s
[20:05:48] [Client thread/WARN]: ResourcePack: ignored non-lowercase namespace: %s in %s
[20:05:48] [Client thread/WARN]: ResourcePack: ignored non-lowercase namespace: %s in %s
[20:05:48] [Client thread/WARN]: ResourcePack: ignored non-lowercase namespace: %s in %s
[20:05:48] [Client thread/WARN]: ResourcePack: ignored non-lowercase namespace: %s in %s
[20:05:48] [Client thread/WARN]: ResourcePack: ignored non-lowercase namespace: %s in %s
[20:05:48] [Client thread/WARN]: ResourcePack: ignored non-lowercase namespace: %s in %s
[20:05:48] [Client thread/WARN]: ResourcePack: ignored non-lowercase namespace: %s in %s
[20:05:48] [Client thread/WARN]: ResourcePack: ignored non-lowercase namespace: %s in %s
[20:05:48] [Client thread/WARN]: ResourcePack: ignored non-lowercase namespace: %s in %s
[20:05:48] [Client thread/WARN]: ResourcePack: ignored non-lowercase namespace: %s in %s
[20:05:48] [Client thread/WARN]: ResourcePack: ignored non-lowercase namespace: %s in %s
[20:05:48] [Client thread/WARN]: ResourcePack: ignored non-lowercase namespace: %s in %s
[20:05:48] [Client thread/WARN]: ResourcePack: ignored non-lowercase namespace: %s in %s
[20:05:48] [Client thread/WARN]: ResourcePack: ignored non-lowercase namespace: %s in %s
[20:05:48] [Client thread/WARN]: ResourcePack: ignored non-lowercase namespace: %s in %s
[20:05:48] [Client thread/WARN]: ResourcePack: ignored non-lowercase namespace: %s in %s
[20:05:48] [Client thread/WARN]: ResourcePack: ignored non-lowercase namespace: %s in %s
[20:05:48] [Client thread/WARN]: ResourcePack: ignored non-lowercase namespace: %s in %s
[20:05:48] [Client thread/WARN]: ResourcePack: ignored non-lowercase namespace: %s in %s
[20:05:48] [Client thread/WARN]: ResourcePack: ignored non-lowercase namespace: %s in %s
[20:05:48] [Client thread/WARN]: ResourcePack: ignored non-lowercase namespace: %s in %s
[20:05:48] [Client thread/WARN]: ResourcePack: ignored non-lowercase namespace: %s in %s
[20:05:48] [Client thread/WARN]: ResourcePack: ignored non-lowercase namespace: %s in %s
[20:05:48] [Client thread/WARN]: ResourcePack: ignored non-lowercase namespace: %s in %s
[20:05:48] [Client thread/WARN]: ResourcePack: ignored non-lowercase namespace: %s in %s
[20:05:48] [Client thread/WARN]: ResourcePack: ignored non-lowercase namespace: %s in %s
[20:05:48] [Client thread/WARN]: ResourcePack: ignored non-lowercase namespace: %s in %s
[20:05:48] [Client thread/WARN]: ResourcePack: ignored non-lowercase namespace: %s in %s
[20:05:48] [Client thread/WARN]: ResourcePack: ignored non-lowercase namespace: %s in %s
[20:05:48] [Client thread/WARN]: ResourcePack: ignored non-lowercase namespace: %s in %s
[20:05:48] [Client thread/WARN]: ResourcePack: ignored non-lowercase namespace: %s in %s
[20:05:48] [Client thread/WARN]: ResourcePack: ignored non-lowercase namespace: %s in %s
[20:05:48] [Client thread/WARN]: ResourcePack: ignored non-lowercase namespace: %s in %s
[20:05:48] [Client thread/WARN]: ResourcePack: ignored non-lowercase namespace: %s in %s
[20:05:48] [Client thread/WARN]: ResourcePack: ignored non-lowercase namespace: %s in %s
[20:05:48] [Client thread/WARN]: ResourcePack: ignored non-lowercase namespace: %s in %s
[20:05:48] [Client thread/WARN]: ResourcePack: ignored non-lowercase namespace: %s in %s
[20:05:48] [Client thread/WARN]: ResourcePack: ignored non-lowercase namespace: %s in %s
[20:05:48] [Client thread/WARN]: ResourcePack: ignored non-lowercase namespace: %s in %s
[20:05:48] [Client thread/WARN]: ResourcePack: ignored non-lowercase namespace: %s in %s
[20:05:48] [Client thread/WARN]: ResourcePack: ignored non-lowercase namespace: %s in %s
[20:05:48] [Client thread/WARN]: ResourcePack: ignored non-lowercase namespace: %s in %s
[20:05:48] [Client thread/WARN]: ResourcePack: ignored non-lowercase namespace: %s in %s
[20:05:48] [Client thread/WARN]: ResourcePack: ignored non-lowercase namespace: %s in %s
[20:05:48] [Client thread/WARN]: ResourcePack: ignored non-lowercase namespace: %s in %s
[20:05:48] [Client thread/WARN]: ResourcePack: ignored non-lowercase namespace: %s in %s
[20:05:48] [Client thread/WARN]: ResourcePack: ignored non-lowercase namespace: %s in %s
[20:05:48] [Client thread/WARN]: ResourcePack: ignored non-lowercase namespace: %s in %s
[20:05:48] [Client thread/WARN]: ResourcePack: ignored non-lowercase namespace: %s in %s
[20:05:48] [Client thread/WARN]: ResourcePack: ignored non-lowercase namespace: %s in %s
[20:05:48] [Client thread/WARN]: ResourcePack: ignored non-lowercase namespace: %s in %s
[20:05:48] [Client thread/WARN]: ResourcePack: ignored non-lowercase namespace: %s in %s
[20:05:48] [Client thread/WARN]: ResourcePack: ignored non-lowercase namespace: %s in %s
[20:05:48] [Client thread/WARN]: ResourcePack: ignored non-lowercase namespace: %s in %s
[20:05:48] [Client thread/WARN]: ResourcePack: ignored non-lowercase namespace: %s in %s
[20:05:48] [Client thread/WARN]: ResourcePack: ignored non-lowercase namespace: %s in %s
[20:05:48] [Client thread/WARN]: ResourcePack: ignored non-lowercase namespace: %s in %s
[20:05:48] [Client thread/WARN]: ResourcePack: ignored non-lowercase namespace: %s in %s
[20:05:48] [Client thread/WARN]: ResourcePack: ignored non-lowercase namespace: %s in %s
[20:05:48] [Client thread/WARN]: ResourcePack: ignored non-lowercase namespace: %s in %s
[20:05:48] [Client thread/WARN]: ResourcePack: ignored non-lowercase namespace: %s in %s
[20:05:48] [Client thread/WARN]: ResourcePack: ignored non-lowercase namespace: %s in %s
[20:05:48] [Client thread/WARN]: ResourcePack: ignored non-lowercase namespace: %s in %s
[20:05:48] [Client thread/WARN]: ResourcePack: ignored non-lowercase namespace: %s in %s
[20:05:48] [Client thread/WARN]: ResourcePack: ignored non-lowercase namespace: %s in %s
[20:05:48] [Client thread/WARN]: ResourcePack: ignored non-lowercase namespace: %s in %s
[20:05:48] [Client thread/WARN]: ResourcePack: ignored non-lowercase namespace: %s in %s
[20:05:48] [Client thread/WARN]: ResourcePack: ignored non-lowercase namespace: %s in %s
[20:05:48] [Client thread/WARN]: ResourcePack: ignored non-lowercase namespace: %s in %s
[20:05:48] [Client thread/WARN]: ResourcePack: ignored non-lowercase namespace: %s in %s
[20:05:48] [Client thread/WARN]: ResourcePack: ignored non-lowercase namespace: %s in %s
[20:05:48] [Client thread/WARN]: ResourcePack: ignored non-lowercase namespace: %s in %s
[20:05:48] [Client thread/WARN]: ResourcePack: ignored non-lowercase namespace: %s in %s
[20:05:48] [Client thread/WARN]: ResourcePack: ignored non-lowercase namespace: %s in %s
[20:05:48] [Client thread/WARN]: ResourcePack: ignored non-lowercase namespace: %s in %s
[20:05:48] [Client thread/WARN]: ResourcePack: ignored non-lowercase namespace: %s in %s
[20:05:48] [Client thread/WARN]: ResourcePack: ignored non-lowercase namespace: %s in %s
[20:05:48] [Client thread/WARN]: ResourcePack: ignored non-lowercase namespace: %s in %s
[20:05:48] [Client thread/WARN]: ResourcePack: ignored non-lowercase namespace: %s in %s
[20:05:48] [Client thread/WARN]: ResourcePack: ignored non-lowercase namespace: %s in %s
[20:05:48] [Client thread/WARN]: ResourcePack: ignored non-lowercase namespace: %s in %s
[20:05:48] [Client thread/WARN]: ResourcePack: ignored non-lowercase namespace: %s in %s
[20:05:48] [Client thread/WARN]: ResourcePack: ignored non-lowercase namespace: %s in %s
[20:05:48] [Client thread/WARN]: ResourcePack: ignored non-lowercase namespace: %s in %s
[20:05:48] [Client thread/WARN]: ResourcePack: ignored non-lowercase namespace: %s in %s
[20:05:48] [Client thread/WARN]: ResourcePack: ignored non-lowercase namespace: %s in %s
[20:05:48] [Client thread/WARN]: ResourcePack: ignored non-lowercase namespace: %s in %s
[20:05:48] [Client thread/WARN]: ResourcePack: ignored non-lowercase namespace: %s in %s
[20:05:48] [Client thread/WARN]: ResourcePack: ignored non-lowercase namespace: %s in %s
[20:05:48] [Client thread/WARN]: ResourcePack: ignored non-lowercase namespace: %s in %s
[20:05:48] [Client thread/WARN]: ResourcePack: ignored non-lowercase namespace: %s in %s
[20:05:48] [Client thread/WARN]: ResourcePack: ignored non-lowercase namespace: %s in %s
[20:05:48] [Client thread/WARN]: ResourcePack: ignored non-lowercase namespace: %s in %s
[20:05:57] [Client thread/INFO]: Created: 4096x4096 textures/blocks-atlas
[20:06:07] [Client thread/INFO]: Created: 512x512 textures/items-atlas
[20:06:08] [Sound Library Loader/INFO]: Sound engine started
[20:07:19] [Client thread/INFO]: Stopping!
[20:37:53] [main/INFO]: Setting user: hadashiya
