[18:02:15] [main/INFO]: Setting user: hadashiya
[18:02:17] [Client thread/INFO]: LWJGL Version: 2.9.1
[18:02:28] [Client thread/INFO]: Reloading ResourceManager: Default, FMLFileResourcePack:Forge Mod Loader, FMLFileResourcePack:Minecraft Forge, Default, FMLFileResourcePack:Not Enough Items, FMLFileResourcePack:Atelier Canvas, FMLFileResourcePack:BambooMod, FMLFileResourcePack:CustomNpcs, FMLFileResourcePack:CutAllSMP, FMLFileResourcePack:DrZhark's Mo'Creatures Mod, FMLFileResourcePack:ExtrabiomesXL, FMLFileResourcePack:Growthcraft Apples, FMLFileResourcePack:Growthcraft Bamboo, FMLFileResourcePack:Growthcraft Bees, FMLFileResourcePack:Growthcraft Cellar, FMLFileResourcePack:Growthcraft, FMLFileResourcePack:Growthcraft Fishtrap, FMLFileResourcePack:Growthcraft Grapes, FMLFileResourcePack:Growthcraft Hops, FMLFileResourcePack:Growthcraft Rice, FMLFileResourcePack:Inventory Tweaks, FMLFileResourcePack:lmmx, FMLFileResourcePack:MMMLibX, FMLFileResourcePack:zabuton, FMLFileResourcePack:LotMetaBlockMod, FMLFileResourcePack:MaidWhistle, FMLFileResourcePack:MineAllSMP, FMLFileResourcePack:Rei's Minimap, FMLFileResourcePack:SpawnChecker preset mode, FMLFileResourcePack:SpawnChecker, Halcyon Days v1.2 [1.6-1.7].zip
[18:02:28] [Client thread/WARN]: ResourcePack: ignored non-lowercase namespace: multiModel in E:\Minecraft\Minecraft-1.7.10-Git\mods\littleMaidMobX-1.7.x_0.0.9.jar
[18:02:28] [Client thread/WARN]: ResourcePack: ignored non-lowercase namespace: multiModel in E:\Minecraft\Minecraft-1.7.10-Git\mods\littleMaidMobX-1.7.x_0.0.9.jar
[18:02:28] [Client thread/WARN]: ResourcePack: ignored non-lowercase namespace: multiModel in E:\Minecraft\Minecraft-1.7.10-Git\mods\littleMaidMobX-1.7.x_0.0.9.jar
[18:02:28] [Client thread/WARN]: ResourcePack: ignored non-lowercase namespace: multiModel in E:\Minecraft\Minecraft-1.7.10-Git\mods\littleMaidMobX-1.7.x_0.0.9.jar
[18:02:28] [Client thread/WARN]: ResourcePack: ignored non-lowercase namespace: multiModel in E:\Minecraft\Minecraft-1.7.10-Git\mods\littleMaidMobX-1.7.x_0.0.9.jar
[18:02:28] [Client thread/WARN]: ResourcePack: ignored non-lowercase namespace: multiModel in E:\Minecraft\Minecraft-1.7.10-Git\mods\littleMaidMobX-1.7.x_0.0.9.jar
[18:02:28] [Client thread/WARN]: ResourcePack: ignored non-lowercase namespace: multiModel in E:\Minecraft\Minecraft-1.7.10-Git\mods\littleMaidMobX-1.7.x_0.0.9.jar
[18:02:28] [Client thread/WARN]: ResourcePack: ignored non-lowercase namespace: multiModel in E:\Minecraft\Minecraft-1.7.10-Git\mods\littleMaidMobX-1.7.x_0.0.9.jar
[18:02:28] [Client thread/WARN]: ResourcePack: ignored non-lowercase namespace: multiModel in E:\Minecraft\Minecraft-1.7.10-Git\mods\littleMaidMobX-1.7.x_0.0.9.jar
[18:02:28] [Client thread/WARN]: ResourcePack: ignored non-lowercase namespace: multiModel in E:\Minecraft\Minecraft-1.7.10-Git\mods\littleMaidMobX-1.7.x_0.0.9.jar
[18:02:28] [Client thread/WARN]: ResourcePack: ignored non-lowercase namespace: multiModel in E:\Minecraft\Minecraft-1.7.10-Git\mods\littleMaidMobX-1.7.x_0.0.9.jar
[18:02:28] [Client thread/WARN]: ResourcePack: ignored non-lowercase namespace: multiModel in E:\Minecraft\Minecraft-1.7.10-Git\mods\littleMaidMobX-1.7.x_0.0.9.jar
[18:02:28] [Client thread/WARN]: ResourcePack: ignored non-lowercase namespace: multiModel in E:\Minecraft\Minecraft-1.7.10-Git\mods\littleMaidMobX-1.7.x_0.0.9.jar
[18:02:28] [Client thread/WARN]: ResourcePack: ignored non-lowercase namespace: multiModel in E:\Minecraft\Minecraft-1.7.10-Git\mods\littleMaidMobX-1.7.x_0.0.9.jar
[18:02:28] [Client thread/WARN]: ResourcePack: ignored non-lowercase namespace: multiModel in E:\Minecraft\Minecraft-1.7.10-Git\mods\littleMaidMobX-1.7.x_0.0.9.jar
[18:02:28] [Client thread/WARN]: ResourcePack: ignored non-lowercase namespace: multiModel in E:\Minecraft\Minecraft-1.7.10-Git\mods\littleMaidMobX-1.7.x_0.0.9.jar
[18:02:28] [Client thread/WARN]: ResourcePack: ignored non-lowercase namespace: multiModel in E:\Minecraft\Minecraft-1.7.10-Git\mods\littleMaidMobX-1.7.x_0.0.9.jar
[18:02:28] [Client thread/WARN]: ResourcePack: ignored non-lowercase namespace: multiModel in E:\Minecraft\Minecraft-1.7.10-Git\mods\littleMaidMobX-1.7.x_0.0.9.jar
[18:02:28] [Client thread/WARN]: ResourcePack: ignored non-lowercase namespace: multiModel in E:\Minecraft\Minecraft-1.7.10-Git\mods\littleMaidMobX-1.7.x_0.0.9.jar
[18:02:28] [Client thread/WARN]: ResourcePack: ignored non-lowercase namespace: multiModel in E:\Minecraft\Minecraft-1.7.10-Git\mods\littleMaidMobX-1.7.x_0.0.9.jar
[18:02:28] [Client thread/WARN]: ResourcePack: ignored non-lowercase namespace: multiModel in E:\Minecraft\Minecraft-1.7.10-Git\mods\littleMaidMobX-1.7.x_0.0.9.jar
[18:02:28] [Client thread/WARN]: ResourcePack: ignored non-lowercase namespace: multiModel in E:\Minecraft\Minecraft-1.7.10-Git\mods\littleMaidMobX-1.7.x_0.0.9.jar
[18:02:28] [Client thread/WARN]: ResourcePack: ignored non-lowercase namespace: multiModel in E:\Minecraft\Minecraft-1.7.10-Git\mods\littleMaidMobX-1.7.x_0.0.9.jar
[18:02:28] [Client thread/WARN]: ResourcePack: ignored non-lowercase namespace: multiModel in E:\Minecraft\Minecraft-1.7.10-Git\mods\littleMaidMobX-1.7.x_0.0.9.jar
[18:02:28] [Client thread/WARN]: ResourcePack: ignored non-lowercase namespace: multiModel in E:\Minecraft\Minecraft-1.7.10-Git\mods\littleMaidMobX-1.7.x_0.0.9.jar
[18:02:28] [Client thread/WARN]: ResourcePack: ignored non-lowercase namespace: multiModel in E:\Minecraft\Minecraft-1.7.10-Git\mods\littleMaidMobX-1.7.x_0.0.9.jar
[18:02:28] [Client thread/WARN]: ResourcePack: ignored non-lowercase namespace: multiModel in E:\Minecraft\Minecraft-1.7.10-Git\mods\littleMaidMobX-1.7.x_0.0.9.jar
[18:02:28] [Client thread/WARN]: ResourcePack: ignored non-lowercase namespace: multiModel in E:\Minecraft\Minecraft-1.7.10-Git\mods\littleMaidMobX-1.7.x_0.0.9.jar
[18:02:28] [Client thread/WARN]: ResourcePack: ignored non-lowercase namespace: multiModel in E:\Minecraft\Minecraft-1.7.10-Git\mods\littleMaidMobX-1.7.x_0.0.9.jar
[18:02:28] [Client thread/WARN]: ResourcePack: ignored non-lowercase namespace: multiModel in E:\Minecraft\Minecraft-1.7.10-Git\mods\littleMaidMobX-1.7.x_0.0.9.jar
[18:02:28] [Client thread/WARN]: ResourcePack: ignored non-lowercase namespace: multiModel in E:\Minecraft\Minecraft-1.7.10-Git\mods\littleMaidMobX-1.7.x_0.0.9.jar
[18:02:28] [Client thread/WARN]: ResourcePack: ignored non-lowercase namespace: multiModel in E:\Minecraft\Minecraft-1.7.10-Git\mods\littleMaidMobX-1.7.x_0.0.9.jar
[18:02:28] [Client thread/WARN]: ResourcePack: ignored non-lowercase namespace: multiModel in E:\Minecraft\Minecraft-1.7.10-Git\mods\littleMaidMobX-1.7.x_0.0.9.jar
[18:02:28] [Client thread/WARN]: ResourcePack: ignored non-lowercase namespace: multiModel in E:\Minecraft\Minecraft-1.7.10-Git\mods\littleMaidMobX-1.7.x_0.0.9.jar
[18:02:28] [Client thread/WARN]: ResourcePack: ignored non-lowercase namespace: multiModel in E:\Minecraft\Minecraft-1.7.10-Git\mods\littleMaidMobX-1.7.x_0.0.9.jar
[18:02:28] [Client thread/WARN]: ResourcePack: ignored non-lowercase namespace: multiModel in E:\Minecraft\Minecraft-1.7.10-Git\mods\littleMaidMobX-1.7.x_0.0.9.jar
[18:02:28] [Client thread/WARN]: ResourcePack: ignored non-lowercase namespace: multiModel in E:\Minecraft\Minecraft-1.7.10-Git\mods\littleMaidMobX-1.7.x_0.0.9.jar
[18:02:28] [Client thread/WARN]: ResourcePack: ignored non-lowercase namespace: multiModel in E:\Minecraft\Minecraft-1.7.10-Git\mods\littleMaidMobX-1.7.x_0.0.9.jar
[18:02:28] [Client thread/WARN]: ResourcePack: ignored non-lowercase namespace: multiModel in E:\Minecraft\Minecraft-1.7.10-Git\mods\littleMaidMobX-1.7.x_0.0.9.jar
[18:02:28] [Client thread/WARN]: ResourcePack: ignored non-lowercase namespace: multiModel in E:\Minecraft\Minecraft-1.7.10-Git\mods\littleMaidMobX-1.7.x_0.0.9.jar
[18:02:28] [Client thread/WARN]: ResourcePack: ignored non-lowercase namespace: multiModel in E:\Minecraft\Minecraft-1.7.10-Git\mods\littleMaidMobX-1.7.x_0.0.9.jar
[18:02:28] [Client thread/WARN]: ResourcePack: ignored non-lowercase namespace: multiModel in E:\Minecraft\Minecraft-1.7.10-Git\mods\littleMaidMobX-1.7.x_0.0.9.jar
[18:02:28] [Client thread/WARN]: ResourcePack: ignored non-lowercase namespace: multiModel in E:\Minecraft\Minecraft-1.7.10-Git\mods\littleMaidMobX-1.7.x_0.0.9.jar
[18:02:28] [Client thread/WARN]: ResourcePack: ignored non-lowercase namespace: multiModel in E:\Minecraft\Minecraft-1.7.10-Git\mods\littleMaidMobX-1.7.x_0.0.9.jar
[18:02:28] [Client thread/WARN]: ResourcePack: ignored non-lowercase namespace: multiModel in E:\Minecraft\Minecraft-1.7.10-Git\mods\littleMaidMobX-1.7.x_0.0.9.jar
[18:02:28] [Client thread/WARN]: ResourcePack: ignored non-lowercase namespace: multiModel in E:\Minecraft\Minecraft-1.7.10-Git\mods\littleMaidMobX-1.7.x_0.0.9.jar
[18:02:28] [Client thread/WARN]: ResourcePack: ignored non-lowercase namespace: multiModel in E:\Minecraft\Minecraft-1.7.10-Git\mods\littleMaidMobX-1.7.x_0.0.9.jar
[18:02:28] [Client thread/WARN]: ResourcePack: ignored non-lowercase namespace: multiModel in E:\Minecraft\Minecraft-1.7.10-Git\mods\littleMaidMobX-1.7.x_0.0.9.jar
[18:02:28] [Client thread/WARN]: ResourcePack: ignored non-lowercase namespace: multiModel in E:\Minecraft\Minecraft-1.7.10-Git\mods\littleMaidMobX-1.7.x_0.0.9.jar
[18:02:28] [Client thread/WARN]: ResourcePack: ignored non-lowercase namespace: multiModel in E:\Minecraft\Minecraft-1.7.10-Git\mods\littleMaidMobX-1.7.x_0.0.9.jar
[18:02:28] [Client thread/WARN]: ResourcePack: ignored non-lowercase namespace: multiModel in E:\Minecraft\Minecraft-1.7.10-Git\mods\littleMaidMobX-1.7.x_0.0.9.jar
[18:02:28] [Client thread/WARN]: ResourcePack: ignored non-lowercase namespace: multiModel in E:\Minecraft\Minecraft-1.7.10-Git\mods\littleMaidMobX-1.7.x_0.0.9.jar
[18:02:28] [Client thread/WARN]: ResourcePack: ignored non-lowercase namespace: multiModel in E:\Minecraft\Minecraft-1.7.10-Git\mods\littleMaidMobX-1.7.x_0.0.9.jar
[18:02:28] [Client thread/WARN]: ResourcePack: ignored non-lowercase namespace: multiModel in E:\Minecraft\Minecraft-1.7.10-Git\mods\littleMaidMobX-1.7.x_0.0.9.jar
[18:02:28] [Client thread/WARN]: ResourcePack: ignored non-lowercase namespace: multiModel in E:\Minecraft\Minecraft-1.7.10-Git\mods\littleMaidMobX-1.7.x_0.0.9.jar
[18:02:28] [Client thread/WARN]: ResourcePack: ignored non-lowercase namespace: multiModel in E:\Minecraft\Minecraft-1.7.10-Git\mods\littleMaidMobX-1.7.x_0.0.9.jar
[18:02:28] [Client thread/WARN]: ResourcePack: ignored non-lowercase namespace: multiModel in E:\Minecraft\Minecraft-1.7.10-Git\mods\littleMaidMobX-1.7.x_0.0.9.jar
[18:02:28] [Client thread/WARN]: ResourcePack: ignored non-lowercase namespace: multiModel in E:\Minecraft\Minecraft-1.7.10-Git\mods\littleMaidMobX-1.7.x_0.0.9.jar
[18:02:28] [Client thread/WARN]: ResourcePack: ignored non-lowercase namespace: multiModel in E:\Minecraft\Minecraft-1.7.10-Git\mods\littleMaidMobX-1.7.x_0.0.9.jar
[18:02:28] [Client thread/WARN]: ResourcePack: ignored non-lowercase namespace: multiModel in E:\Minecraft\Minecraft-1.7.10-Git\mods\littleMaidMobX-1.7.x_0.0.9.jar
[18:02:28] [Client thread/WARN]: ResourcePack: ignored non-lowercase namespace: multiModel in E:\Minecraft\Minecraft-1.7.10-Git\mods\littleMaidMobX-1.7.x_0.0.9.jar
[18:02:28] [Client thread/WARN]: ResourcePack: ignored non-lowercase namespace: multiModel in E:\Minecraft\Minecraft-1.7.10-Git\mods\littleMaidMobX-1.7.x_0.0.9.jar
[18:02:28] [Client thread/WARN]: ResourcePack: ignored non-lowercase namespace: multiModel in E:\Minecraft\Minecraft-1.7.10-Git\mods\littleMaidMobX-1.7.x_0.0.9.jar
[18:02:28] [Client thread/WARN]: ResourcePack: ignored non-lowercase namespace: multiModel in E:\Minecraft\Minecraft-1.7.10-Git\mods\littleMaidMobX-1.7.x_0.0.9.jar
[18:02:28] [Client thread/WARN]: ResourcePack: ignored non-lowercase namespace: multiModel in E:\Minecraft\Minecraft-1.7.10-Git\mods\littleMaidMobX-1.7.x_0.0.9.jar
[18:02:28] [Client thread/WARN]: ResourcePack: ignored non-lowercase namespace: multiModel in E:\Minecraft\Minecraft-1.7.10-Git\mods\littleMaidMobX-1.7.x_0.0.9.jar
[18:02:28] [Client thread/WARN]: ResourcePack: ignored non-lowercase namespace: multiModel in E:\Minecraft\Minecraft-1.7.10-Git\mods\littleMaidMobX-1.7.x_0.0.9.jar
[18:02:28] [Client thread/WARN]: ResourcePack: ignored non-lowercase namespace: multiModel in E:\Minecraft\Minecraft-1.7.10-Git\mods\littleMaidMobX-1.7.x_0.0.9.jar
[18:02:28] [Client thread/WARN]: ResourcePack: ignored non-lowercase namespace: multiModel in E:\Minecraft\Minecraft-1.7.10-Git\mods\littleMaidMobX-1.7.x_0.0.9.jar
[18:02:28] [Client thread/WARN]: ResourcePack: ignored non-lowercase namespace: multiModel in E:\Minecraft\Minecraft-1.7.10-Git\mods\littleMaidMobX-1.7.x_0.0.9.jar
[18:02:28] [Client thread/WARN]: ResourcePack: ignored non-lowercase namespace: multiModel in E:\Minecraft\Minecraft-1.7.10-Git\mods\littleMaidMobX-1.7.x_0.0.9.jar
[18:02:28] [Client thread/WARN]: ResourcePack: ignored non-lowercase namespace: multiModel in E:\Minecraft\Minecraft-1.7.10-Git\mods\littleMaidMobX-1.7.x_0.0.9.jar
[18:02:28] [Client thread/WARN]: ResourcePack: ignored non-lowercase namespace: multiModel in E:\Minecraft\Minecraft-1.7.10-Git\mods\littleMaidMobX-1.7.x_0.0.9.jar
[18:02:28] [Client thread/WARN]: ResourcePack: ignored non-lowercase namespace: multiModel in E:\Minecraft\Minecraft-1.7.10-Git\mods\littleMaidMobX-1.7.x_0.0.9.jar
[18:02:28] [Client thread/WARN]: ResourcePack: ignored non-lowercase namespace: multiModel in E:\Minecraft\Minecraft-1.7.10-Git\mods\littleMaidMobX-1.7.x_0.0.9.jar
[18:02:28] [Client thread/WARN]: ResourcePack: ignored non-lowercase namespace: multiModel in E:\Minecraft\Minecraft-1.7.10-Git\mods\littleMaidMobX-1.7.x_0.0.9.jar
[18:02:28] [Client thread/WARN]: ResourcePack: ignored non-lowercase namespace: multiModel in E:\Minecraft\Minecraft-1.7.10-Git\mods\littleMaidMobX-1.7.x_0.0.9.jar
[18:02:28] [Client thread/WARN]: ResourcePack: ignored non-lowercase namespace: multiModel in E:\Minecraft\Minecraft-1.7.10-Git\mods\littleMaidMobX-1.7.x_0.0.9.jar
[18:02:28] [Client thread/WARN]: ResourcePack: ignored non-lowercase namespace: multiModel in E:\Minecraft\Minecraft-1.7.10-Git\mods\littleMaidMobX-1.7.x_0.0.9.jar
[18:02:28] [Client thread/WARN]: ResourcePack: ignored non-lowercase namespace: multiModel in E:\Minecraft\Minecraft-1.7.10-Git\mods\littleMaidMobX-1.7.x_0.0.9.jar
[18:02:28] [Client thread/WARN]: ResourcePack: ignored non-lowercase namespace: multiModel in E:\Minecraft\Minecraft-1.7.10-Git\mods\littleMaidMobX-1.7.x_0.0.9.jar
[18:02:28] [Client thread/WARN]: ResourcePack: ignored non-lowercase namespace: multiModel in E:\Minecraft\Minecraft-1.7.10-Git\mods\littleMaidMobX-1.7.x_0.0.9.jar
[18:02:28] [Client thread/WARN]: ResourcePack: ignored non-lowercase namespace: multiModel in E:\Minecraft\Minecraft-1.7.10-Git\mods\littleMaidMobX-1.7.x_0.0.9.jar
[18:02:28] [Client thread/WARN]: ResourcePack: ignored non-lowercase namespace: multiModel in E:\Minecraft\Minecraft-1.7.10-Git\mods\littleMaidMobX-1.7.x_0.0.9.jar
[18:02:28] [Client thread/WARN]: ResourcePack: ignored non-lowercase namespace: multiModel in E:\Minecraft\Minecraft-1.7.10-Git\mods\littleMaidMobX-1.7.x_0.0.9.jar
[18:02:28] [Client thread/WARN]: ResourcePack: ignored non-lowercase namespace: multiModel in E:\Minecraft\Minecraft-1.7.10-Git\mods\littleMaidMobX-1.7.x_0.0.9.jar
[18:02:28] [Client thread/WARN]: ResourcePack: ignored non-lowercase namespace: multiModel in E:\Minecraft\Minecraft-1.7.10-Git\mods\littleMaidMobX-1.7.x_0.0.9.jar
[18:02:28] [Client thread/WARN]: ResourcePack: ignored non-lowercase namespace: multiModel in E:\Minecraft\Minecraft-1.7.10-Git\mods\littleMaidMobX-1.7.x_0.0.9.jar
[18:02:28] [Client thread/WARN]: ResourcePack: ignored non-lowercase namespace: multiModel in E:\Minecraft\Minecraft-1.7.10-Git\mods\littleMaidMobX-1.7.x_0.0.9.jar
[18:02:28] [Client thread/WARN]: ResourcePack: ignored non-lowercase namespace: multiModel in E:\Minecraft\Minecraft-1.7.10-Git\mods\littleMaidMobX-1.7.x_0.0.9.jar
[18:02:28] [Client thread/WARN]: ResourcePack: ignored non-lowercase namespace: multiModel in E:\Minecraft\Minecraft-1.7.10-Git\mods\littleMaidMobX-1.7.x_0.0.9.jar
[18:02:28] [Client thread/WARN]: ResourcePack: ignored non-lowercase namespace: multiModel in E:\Minecraft\Minecraft-1.7.10-Git\mods\littleMaidMobX-1.7.x_0.0.9.jar
[18:02:28] [Client thread/WARN]: ResourcePack: ignored non-lowercase namespace: multiModel in E:\Minecraft\Minecraft-1.7.10-Git\mods\littleMaidMobX-1.7.x_0.0.9.jar
[18:02:28] [Client thread/WARN]: ResourcePack: ignored non-lowercase namespace: multiModel in E:\Minecraft\Minecraft-1.7.10-Git\mods\littleMaidMobX-1.7.x_0.0.9.jar
[18:02:28] [Client thread/WARN]: ResourcePack: ignored non-lowercase namespace: multiModel in E:\Minecraft\Minecraft-1.7.10-Git\mods\littleMaidMobX-1.7.x_0.0.9.jar
[18:02:28] [Client thread/WARN]: ResourcePack: ignored non-lowercase namespace: multiModel in E:\Minecraft\Minecraft-1.7.10-Git\mods\littleMaidMobX-1.7.x_0.0.9.jar
[18:02:28] [Client thread/WARN]: ResourcePack: ignored non-lowercase namespace: multiModel in E:\Minecraft\Minecraft-1.7.10-Git\mods\littleMaidMobX-1.7.x_0.0.9.jar
[18:02:28] [Client thread/WARN]: ResourcePack: ignored non-lowercase namespace: multiModel in E:\Minecraft\Minecraft-1.7.10-Git\mods\littleMaidMobX-1.7.x_0.0.9.jar
[18:02:28] [Client thread/WARN]: ResourcePack: ignored non-lowercase namespace: multiModel in E:\Minecraft\Minecraft-1.7.10-Git\mods\littleMaidMobX-1.7.x_0.0.9.jar
[18:02:28] [Client thread/WARN]: ResourcePack: ignored non-lowercase namespace: multiModel in E:\Minecraft\Minecraft-1.7.10-Git\mods\littleMaidMobX-1.7.x_0.0.9.jar
[18:02:28] [Client thread/WARN]: ResourcePack: ignored non-lowercase namespace: multiModel in E:\Minecraft\Minecraft-1.7.10-Git\mods\littleMaidMobX-1.7.x_0.0.9.jar
[18:02:28] [Client thread/WARN]: ResourcePack: ignored non-lowercase namespace: multiModel in E:\Minecraft\Minecraft-1.7.10-Git\mods\littleMaidMobX-1.7.x_0.0.9.jar
[18:02:28] [Client thread/WARN]: ResourcePack: ignored non-lowercase namespace: multiModel in E:\Minecraft\Minecraft-1.7.10-Git\mods\littleMaidMobX-1.7.x_0.0.9.jar
[18:02:28] [Client thread/WARN]: ResourcePack: ignored non-lowercase namespace: multiModel in E:\Minecraft\Minecraft-1.7.10-Git\mods\littleMaidMobX-1.7.x_0.0.9.jar
[18:02:28] [Client thread/WARN]: ResourcePack: ignored non-lowercase namespace: multiModel in E:\Minecraft\Minecraft-1.7.10-Git\mods\littleMaidMobX-1.7.x_0.0.9.jar
[18:02:28] [Client thread/WARN]: ResourcePack: ignored non-lowercase namespace: multiModel in E:\Minecraft\Minecraft-1.7.10-Git\mods\littleMaidMobX-1.7.x_0.0.9.jar
[18:02:28] [Client thread/WARN]: ResourcePack: ignored non-lowercase namespace: multiModel in E:\Minecraft\Minecraft-1.7.10-Git\mods\littleMaidMobX-1.7.x_0.0.9.jar
[18:02:28] [Client thread/WARN]: ResourcePack: ignored non-lowercase namespace: multiModel in E:\Minecraft\Minecraft-1.7.10-Git\mods\littleMaidMobX-1.7.x_0.0.9.jar
[18:02:28] [Client thread/WARN]: ResourcePack: ignored non-lowercase namespace: multiModel in E:\Minecraft\Minecraft-1.7.10-Git\mods\littleMaidMobX-1.7.x_0.0.9.jar
[18:02:28] [Client thread/WARN]: ResourcePack: ignored non-lowercase namespace: multiModel in E:\Minecraft\Minecraft-1.7.10-Git\mods\littleMaidMobX-1.7.x_0.0.9.jar
[18:02:28] [Client thread/WARN]: ResourcePack: ignored non-lowercase namespace: multiModel in E:\Minecraft\Minecraft-1.7.10-Git\mods\littleMaidMobX-1.7.x_0.0.9.jar
[18:02:28] [Client thread/WARN]: ResourcePack: ignored non-lowercase namespace: multiModel in E:\Minecraft\Minecraft-1.7.10-Git\mods\littleMaidMobX-1.7.x_0.0.9.jar
[18:02:28] [Client thread/WARN]: ResourcePack: ignored non-lowercase namespace: multiModel in E:\Minecraft\Minecraft-1.7.10-Git\mods\littleMaidMobX-1.7.x_0.0.9.jar
[18:02:28] [Client thread/WARN]: ResourcePack: ignored non-lowercase namespace: multiModel in E:\Minecraft\Minecraft-1.7.10-Git\mods\littleMaidMobX-1.7.x_0.0.9.jar
[18:02:28] [Client thread/WARN]: ResourcePack: ignored non-lowercase namespace: multiModel in E:\Minecraft\Minecraft-1.7.10-Git\mods\littleMaidMobX-1.7.x_0.0.9.jar
[18:02:28] [Client thread/WARN]: ResourcePack: ignored non-lowercase namespace: multiModel in E:\Minecraft\Minecraft-1.7.10-Git\mods\littleMaidMobX-1.7.x_0.0.9.jar
[18:02:28] [Client thread/WARN]: ResourcePack: ignored non-lowercase namespace: multiModel in E:\Minecraft\Minecraft-1.7.10-Git\mods\littleMaidMobX-1.7.x_0.0.9.jar
[18:02:28] [Client thread/WARN]: ResourcePack: ignored non-lowercase namespace: multiModel in E:\Minecraft\Minecraft-1.7.10-Git\mods\littleMaidMobX-1.7.x_0.0.9.jar
[18:02:28] [Client thread/WARN]: ResourcePack: ignored non-lowercase namespace: multiModel in E:\Minecraft\Minecraft-1.7.10-Git\mods\littleMaidMobX-1.7.x_0.0.9.jar
[18:02:28] [Client thread/WARN]: ResourcePack: ignored non-lowercase namespace: multiModel in E:\Minecraft\Minecraft-1.7.10-Git\mods\littleMaidMobX-1.7.x_0.0.9.jar
[18:02:28] [Client thread/WARN]: ResourcePack: ignored non-lowercase namespace: multiModel in E:\Minecraft\Minecraft-1.7.10-Git\mods\littleMaidMobX-1.7.x_0.0.9.jar
[18:02:28] [Client thread/WARN]: ResourcePack: ignored non-lowercase namespace: multiModel in E:\Minecraft\Minecraft-1.7.10-Git\mods\littleMaidMobX-1.7.x_0.0.9.jar
[18:02:28] [Client thread/WARN]: ResourcePack: ignored non-lowercase namespace: multiModel in E:\Minecraft\Minecraft-1.7.10-Git\mods\littleMaidMobX-1.7.x_0.0.9.jar
[18:02:28] [Client thread/WARN]: ResourcePack: ignored non-lowercase namespace: multiModel in E:\Minecraft\Minecraft-1.7.10-Git\mods\littleMaidMobX-1.7.x_0.0.9.jar
[18:02:28] [Client thread/WARN]: ResourcePack: ignored non-lowercase namespace: multiModel in E:\Minecraft\Minecraft-1.7.10-Git\mods\littleMaidMobX-1.7.x_0.0.9.jar
[18:02:28] [Client thread/WARN]: ResourcePack: ignored non-lowercase namespace: multiModel in E:\Minecraft\Minecraft-1.7.10-Git\mods\littleMaidMobX-1.7.x_0.0.9.jar
[18:02:28] [Client thread/WARN]: ResourcePack: ignored non-lowercase namespace: multiModel in E:\Minecraft\Minecraft-1.7.10-Git\mods\littleMaidMobX-1.7.x_0.0.9.jar
[18:02:28] [Client thread/WARN]: ResourcePack: ignored non-lowercase namespace: multiModel in E:\Minecraft\Minecraft-1.7.10-Git\mods\littleMaidMobX-1.7.x_0.0.9.jar
[18:02:28] [Client thread/WARN]: ResourcePack: ignored non-lowercase namespace: multiModel in E:\Minecraft\Minecraft-1.7.10-Git\mods\littleMaidMobX-1.7.x_0.0.9.jar
[18:02:28] [Client thread/WARN]: ResourcePack: ignored non-lowercase namespace: multiModel in E:\Minecraft\Minecraft-1.7.10-Git\mods\littleMaidMobX-1.7.x_0.0.9.jar
[18:02:28] [Client thread/WARN]: ResourcePack: ignored non-lowercase namespace: multiModel in E:\Minecraft\Minecraft-1.7.10-Git\mods\littleMaidMobX-1.7.x_0.0.9.jar
[18:02:28] [Client thread/WARN]: ResourcePack: ignored non-lowercase namespace: multiModel in E:\Minecraft\Minecraft-1.7.10-Git\mods\littleMaidMobX-1.7.x_0.0.9.jar
[18:02:28] [Client thread/WARN]: ResourcePack: ignored non-lowercase namespace: multiModel in E:\Minecraft\Minecraft-1.7.10-Git\mods\littleMaidMobX-1.7.x_0.0.9.jar
[18:02:28] [Client thread/WARN]: ResourcePack: ignored non-lowercase namespace: multiModel in E:\Minecraft\Minecraft-1.7.10-Git\mods\littleMaidMobX-1.7.x_0.0.9.jar
[18:02:28] [Client thread/WARN]: ResourcePack: ignored non-lowercase namespace: multiModel in E:\Minecraft\Minecraft-1.7.10-Git\mods\littleMaidMobX-1.7.x_0.0.9.jar
[18:02:34] [Client thread/WARN]: File lmmx:sounds/akari1.ogg does not exist, cannot add it to event lmmx:akari
[18:02:34] [Client thread/WARN]: File lmmx:sounds/akari2.ogg does not exist, cannot add it to event lmmx:akari
[18:02:34] [Client thread/WARN]: File lmmx:sounds/akari3.ogg does not exist, cannot add it to event lmmx:akari
[18:02:34] [Client thread/WARN]: File lmmx:sounds/attack01.ogg does not exist, cannot add it to event lmmx:attack
[18:02:34] [Client thread/WARN]: File lmmx:sounds/attack02.ogg does not exist, cannot add it to event lmmx:attack
[18:02:34] [Client thread/WARN]: File lmmx:sounds/attack03.ogg does not exist, cannot add it to event lmmx:attack
[18:02:34] [Client thread/WARN]: File lmmx:sounds/auau.ogg does not exist, cannot add it to event lmmx:auau
[18:02:34] [Client thread/WARN]: File lmmx:sounds/cold01.ogg does not exist, cannot add it to event lmmx:cold
[18:02:34] [Client thread/WARN]: File lmmx:sounds/cold02.ogg does not exist, cannot add it to event lmmx:cold
[18:02:34] [Client thread/WARN]: File lmmx:sounds/cold03.ogg does not exist, cannot add it to event lmmx:cold
[18:02:34] [Client thread/WARN]: File lmmx:sounds/cold04.ogg does not exist, cannot add it to event lmmx:cold
[18:02:34] [Client thread/WARN]: File lmmx:sounds/cold05.ogg does not exist, cannot add it to event lmmx:cold
[18:02:34] [Client thread/WARN]: File lmmx:sounds/cold06.ogg does not exist, cannot add it to event lmmx:cold
[18:02:34] [Client thread/WARN]: File lmmx:sounds/cold07.ogg does not exist, cannot add it to event lmmx:cold
[18:02:34] [Client thread/WARN]: File lmmx:sounds/cold08.ogg does not exist, cannot add it to event lmmx:cold
[18:02:34] [Client thread/WARN]: File lmmx:sounds/cold09.ogg does not exist, cannot add it to event lmmx:cold
[18:02:34] [Client thread/WARN]: File lmmx:sounds/cold10.ogg does not exist, cannot add it to event lmmx:cold
[18:02:34] [Client thread/WARN]: File lmmx:sounds/collect_snow1.ogg does not exist, cannot add it to event lmmx:collect_snow
[18:02:34] [Client thread/WARN]: File lmmx:sounds/collect_snow2.ogg does not exist, cannot add it to event lmmx:collect_snow
[18:02:34] [Client thread/WARN]: File lmmx:sounds/collect_snow3.ogg does not exist, cannot add it to event lmmx:collect_snow
[18:02:34] [Client thread/WARN]: File lmmx:sounds/death.ogg does not exist, cannot add it to event lmmx:death
[18:02:34] [Client thread/WARN]: File lmmx:sounds/dekitaa01.ogg does not exist, cannot add it to event lmmx:dekitaa
[18:02:34] [Client thread/WARN]: File lmmx:sounds/dekitaa02.ogg does not exist, cannot add it to event lmmx:dekitaa
[18:02:34] [Client thread/WARN]: File lmmx:sounds/eatSugar1.ogg does not exist, cannot add it to event lmmx:eatSugar
[18:02:34] [Client thread/WARN]: File lmmx:sounds/eatSugar2.ogg does not exist, cannot add it to event lmmx:eatSugar
[18:02:34] [Client thread/WARN]: File lmmx:sounds/eatSugar3.ogg does not exist, cannot add it to event lmmx:eatSugar
[18:02:34] [Client thread/WARN]: File lmmx:sounds/ei.ogg does not exist, cannot add it to event lmmx:ei
[18:02:34] [Client thread/WARN]: File lmmx:sounds/finditem01.ogg does not exist, cannot add it to event lmmx:finditem
[18:02:34] [Client thread/WARN]: File lmmx:sounds/finditem02.ogg does not exist, cannot add it to event lmmx:finditem
[18:02:34] [Client thread/WARN]: File lmmx:sounds/finditem03.ogg does not exist, cannot add it to event lmmx:finditem
[18:02:34] [Client thread/WARN]: File lmmx:sounds/findTargetB01.ogg does not exist, cannot add it to event lmmx:findTargetB
[18:02:34] [Client thread/WARN]: File lmmx:sounds/findTargetB02.ogg does not exist, cannot add it to event lmmx:findTargetB
[18:02:34] [Client thread/WARN]: File lmmx:sounds/fire.ogg does not exist, cannot add it to event lmmx:fire
[18:02:34] [Client thread/WARN]: File lmmx:sounds/haa_04.ogg does not exist, cannot add it to event lmmx:haa_
[18:02:34] [Client thread/WARN]: File lmmx:sounds/healing.ogg does not exist, cannot add it to event lmmx:healing
[18:02:34] [Client thread/WARN]: File lmmx:sounds/hora.ogg does not exist, cannot add it to event lmmx:hora
[18:02:34] [Client thread/WARN]: File lmmx:sounds/hot01.ogg does not exist, cannot add it to event lmmx:hot
[18:02:34] [Client thread/WARN]: File lmmx:sounds/hot02.ogg does not exist, cannot add it to event lmmx:hot
[18:02:34] [Client thread/WARN]: File lmmx:sounds/hot03.ogg does not exist, cannot add it to event lmmx:hot
[18:02:34] [Client thread/WARN]: File lmmx:sounds/hot04.ogg does not exist, cannot add it to event lmmx:hot
[18:02:34] [Client thread/WARN]: File lmmx:sounds/hot05.ogg does not exist, cannot add it to event lmmx:hot
[18:02:34] [Client thread/WARN]: File lmmx:sounds/hot06.ogg does not exist, cannot add it to event lmmx:hot
[18:02:34] [Client thread/WARN]: File lmmx:sounds/hot07.ogg does not exist, cannot add it to event lmmx:hot
[18:02:34] [Client thread/WARN]: File lmmx:sounds/hot08.ogg does not exist, cannot add it to event lmmx:hot
[18:02:34] [Client thread/WARN]: File lmmx:sounds/hot09.ogg does not exist, cannot add it to event lmmx:hot
[18:02:34] [Client thread/WARN]: File lmmx:sounds/hot10.ogg does not exist, cannot add it to event lmmx:hot
[18:02:34] [Client thread/WARN]: File lmmx:sounds/hurt_snow1.ogg does not exist, cannot add it to event lmmx:hurt_snow
[18:02:34] [Client thread/WARN]: File lmmx:sounds/hurt_snow2.ogg does not exist, cannot add it to event lmmx:hurt_snow
[18:02:34] [Client thread/WARN]: File lmmx:sounds/hurt_snow3.ogg does not exist, cannot add it to event lmmx:hurt_snow
[18:02:34] [Client thread/WARN]: File lmmx:sounds/hurt01.ogg does not exist, cannot add it to event lmmx:hurt
[18:02:34] [Client thread/WARN]: File lmmx:sounds/hurt02.ogg does not exist, cannot add it to event lmmx:hurt
[18:02:34] [Client thread/WARN]: File lmmx:sounds/hurt03.ogg does not exist, cannot add it to event lmmx:hurt
[18:02:34] [Client thread/WARN]: File lmmx:sounds/keiyaku01.ogg does not exist, cannot add it to event lmmx:keiyaku
[18:02:34] [Client thread/WARN]: File lmmx:sounds/keiyaku02.ogg does not exist, cannot add it to event lmmx:keiyaku
[18:02:34] [Client thread/WARN]: File lmmx:sounds/keiyaku03.ogg does not exist, cannot add it to event lmmx:keiyaku
[18:02:34] [Client thread/WARN]: File lmmx:sounds/keiyaku04.ogg does not exist, cannot add it to event lmmx:keiyaku
[18:02:34] [Client thread/WARN]: File lmmx:sounds/keiyaku05.ogg does not exist, cannot add it to event lmmx:keiyaku
[18:02:34] [Client thread/WARN]: File lmmx:sounds/living_night1.ogg does not exist, cannot add it to event lmmx:living_night
[18:02:34] [Client thread/WARN]: File lmmx:sounds/living_night2.ogg does not exist, cannot add it to event lmmx:living_night
[18:02:34] [Client thread/WARN]: File lmmx:sounds/living_night3.ogg does not exist, cannot add it to event lmmx:living_night
[18:02:34] [Client thread/WARN]: File lmmx:sounds/living_night4.ogg does not exist, cannot add it to event lmmx:living_night
[18:02:34] [Client thread/WARN]: File lmmx:sounds/living_night5.ogg does not exist, cannot add it to event lmmx:living_night
[18:02:34] [Client thread/WARN]: File lmmx:sounds/mumumu.ogg does not exist, cannot add it to event lmmx:mumumu
[18:02:34] [Client thread/WARN]: File lmmx:sounds/ohayo.ogg does not exist, cannot add it to event lmmx:ohayo
[18:02:34] [Client thread/WARN]: File lmmx:sounds/ok.ogg does not exist, cannot add it to event lmmx:ok
[18:02:34] [Client thread/WARN]: File lmmx:sounds/okaeri_02.ogg does not exist, cannot add it to event lmmx:okaeri_
[18:02:34] [Client thread/WARN]: File lmmx:sounds/otsukaresama.ogg does not exist, cannot add it to event lmmx:otsukaresama
[18:02:34] [Client thread/WARN]: File lmmx:sounds/rain1.ogg does not exist, cannot add it to event lmmx:rain
[18:02:34] [Client thread/WARN]: File lmmx:sounds/rain2.ogg does not exist, cannot add it to event lmmx:rain
[18:02:34] [Client thread/WARN]: File lmmx:sounds/rain3.ogg does not exist, cannot add it to event lmmx:rain
[18:02:34] [Client thread/WARN]: File lmmx:sounds/se_findTarget_N01.ogg does not exist, cannot add it to event lmmx:se_findTarget_N
[18:02:34] [Client thread/WARN]: File lmmx:sounds/se_findTarget_N02.ogg does not exist, cannot add it to event lmmx:se_findTarget_N
[18:02:34] [Client thread/WARN]: File lmmx:sounds/se_findTarget_N03.ogg does not exist, cannot add it to event lmmx:se_findTarget_N
[18:02:34] [Client thread/WARN]: File lmmx:sounds/se_hurt_fall01.ogg does not exist, cannot add it to event lmmx:se_hurt_fall
[18:02:34] [Client thread/WARN]: File lmmx:sounds/se_hurt_fall02.ogg does not exist, cannot add it to event lmmx:se_hurt_fall
[18:02:34] [Client thread/WARN]: File lmmx:sounds/se_hurt_fall03.ogg does not exist, cannot add it to event lmmx:se_hurt_fall
[18:02:34] [Client thread/WARN]: File lmmx:sounds/se_hurt_guard01.ogg does not exist, cannot add it to event lmmx:se_hurt_guard
[18:02:34] [Client thread/WARN]: File lmmx:sounds/se_hurt_guard02.ogg does not exist, cannot add it to event lmmx:se_hurt_guard
[18:02:34] [Client thread/WARN]: File lmmx:sounds/se_hurt_nodamege.ogg does not exist, cannot add it to event lmmx:se_hurt_nodamege
[18:02:34] [Client thread/WARN]: File lmmx:sounds/se_laughter.ogg does not exist, cannot add it to event lmmx:se_laughter
[18:02:34] [Client thread/WARN]: File lmmx:sounds/se_living_daytime01.ogg does not exist, cannot add it to event lmmx:se_living_daytime
[18:02:34] [Client thread/WARN]: File lmmx:sounds/se_living_daytime02.ogg does not exist, cannot add it to event lmmx:se_living_daytime
[18:02:34] [Client thread/WARN]: File lmmx:sounds/se_living_daytime03.ogg does not exist, cannot add it to event lmmx:se_living_daytime
[18:02:34] [Client thread/WARN]: File lmmx:sounds/se_living_daytime04.ogg does not exist, cannot add it to event lmmx:se_living_daytime
[18:02:34] [Client thread/WARN]: File lmmx:sounds/se_living_daytime05.ogg does not exist, cannot add it to event lmmx:se_living_daytime
[18:02:34] [Client thread/WARN]: File lmmx:sounds/se_living_daytime06.ogg does not exist, cannot add it to event lmmx:se_living_daytime
[18:02:34] [Client thread/WARN]: File lmmx:sounds/se_living_daytime07.ogg does not exist, cannot add it to event lmmx:se_living_daytime
[18:02:34] [Client thread/WARN]: File lmmx:sounds/se_living_daytime08.ogg does not exist, cannot add it to event lmmx:se_living_daytime
[18:02:34] [Client thread/WARN]: File lmmx:sounds/se_living_daytime09.ogg does not exist, cannot add it to event lmmx:se_living_daytime
[18:02:34] [Client thread/WARN]: File lmmx:sounds/se_living_morning01.ogg does not exist, cannot add it to event lmmx:se_living_morning
[18:02:34] [Client thread/WARN]: File lmmx:sounds/se_living_morning02.ogg does not exist, cannot add it to event lmmx:se_living_morning
[18:02:34] [Client thread/WARN]: File lmmx:sounds/se_living_morning03.ogg does not exist, cannot add it to event lmmx:se_living_morning
[18:02:34] [Client thread/WARN]: File lmmx:sounds/se_living_whine01.ogg does not exist, cannot add it to event lmmx:se_living_whine
[18:02:34] [Client thread/WARN]: File lmmx:sounds/se_living_whine02.ogg does not exist, cannot add it to event lmmx:se_living_whine
[18:02:34] [Client thread/WARN]: File lmmx:sounds/se_Recontract01.ogg does not exist, cannot add it to event lmmx:se_Recontract
[18:02:34] [Client thread/WARN]: File lmmx:sounds/se_Recontract02.ogg does not exist, cannot add it to event lmmx:se_Recontract
[18:02:34] [Client thread/WARN]: File lmmx:sounds/se_Recontract03.ogg does not exist, cannot add it to event lmmx:se_Recontract
[18:02:34] [Client thread/WARN]: File lmmx:sounds/se_shoot_burst.ogg does not exist, cannot add it to event lmmx:se_shoot_burst
[18:02:34] [Client thread/WARN]: File lmmx:sounds/tontonton.ogg does not exist, cannot add it to event lmmx:tontonton
[18:02:34] [Sound Library Loader/INFO]: Sound engine started
[18:02:34] [Client thread/INFO]: Created: 16x16 textures/blocks-atlas
[18:02:34] [Client thread/INFO]: Created: 16x16 textures/items-atlas
[18:02:38] [Client thread/INFO]: Reloading ResourceManager: Default, FMLFileResourcePack:Forge Mod Loader, FMLFileResourcePack:Minecraft Forge, Default, FMLFileResourcePack:Not Enough Items, FMLFileResourcePack:Atelier Canvas, FMLFileResourcePack:BambooMod, FMLFileResourcePack:CustomNpcs, FMLFileResourcePack:CutAllSMP, FMLFileResourcePack:DrZhark's Mo'Creatures Mod, FMLFileResourcePack:ExtrabiomesXL, FMLFileResourcePack:Growthcraft Apples, FMLFileResourcePack:Growthcraft Bamboo, FMLFileResourcePack:Growthcraft Bees, FMLFileResourcePack:Growthcraft Cellar, FMLFileResourcePack:Growthcraft, FMLFileResourcePack:Growthcraft Fishtrap, FMLFileResourcePack:Growthcraft Grapes, FMLFileResourcePack:Growthcraft Hops, FMLFileResourcePack:Growthcraft Rice, FMLFileResourcePack:Inventory Tweaks, FMLFileResourcePack:lmmx, FMLFileResourcePack:MMMLibX, FMLFileResourcePack:zabuton, FMLFileResourcePack:LotMetaBlockMod, FMLFileResourcePack:MaidWhistle, FMLFileResourcePack:MineAllSMP, FMLFileResourcePack:Rei's Minimap, FMLFileResourcePack:SpawnChecker preset mode, FMLFileResourcePack:SpawnChecker, Halcyon Days v1.2 [1.6-1.7].zip
[18:02:38] [Client thread/WARN]: ResourcePack: ignored non-lowercase namespace: multiModel in E:\Minecraft\Minecraft-1.7.10-Git\mods\littleMaidMobX-1.7.x_0.0.9.jar
[18:02:38] [Client thread/WARN]: ResourcePack: ignored non-lowercase namespace: multiModel in E:\Minecraft\Minecraft-1.7.10-Git\mods\littleMaidMobX-1.7.x_0.0.9.jar
[18:02:38] [Client thread/WARN]: ResourcePack: ignored non-lowercase namespace: multiModel in E:\Minecraft\Minecraft-1.7.10-Git\mods\littleMaidMobX-1.7.x_0.0.9.jar
[18:02:38] [Client thread/WARN]: ResourcePack: ignored non-lowercase namespace: multiModel in E:\Minecraft\Minecraft-1.7.10-Git\mods\littleMaidMobX-1.7.x_0.0.9.jar
[18:02:38] [Client thread/WARN]: ResourcePack: ignored non-lowercase namespace: multiModel in E:\Minecraft\Minecraft-1.7.10-Git\mods\littleMaidMobX-1.7.x_0.0.9.jar
[18:02:38] [Client thread/WARN]: ResourcePack: ignored non-lowercase namespace: multiModel in E:\Minecraft\Minecraft-1.7.10-Git\mods\littleMaidMobX-1.7.x_0.0.9.jar
[18:02:38] [Client thread/WARN]: ResourcePack: ignored non-lowercase namespace: multiModel in E:\Minecraft\Minecraft-1.7.10-Git\mods\littleMaidMobX-1.7.x_0.0.9.jar
[18:02:38] [Client thread/WARN]: ResourcePack: ignored non-lowercase namespace: multiModel in E:\Minecraft\Minecraft-1.7.10-Git\mods\littleMaidMobX-1.7.x_0.0.9.jar
[18:02:38] [Client thread/WARN]: ResourcePack: ignored non-lowercase namespace: multiModel in E:\Minecraft\Minecraft-1.7.10-Git\mods\littleMaidMobX-1.7.x_0.0.9.jar
[18:02:38] [Client thread/WARN]: ResourcePack: ignored non-lowercase namespace: multiModel in E:\Minecraft\Minecraft-1.7.10-Git\mods\littleMaidMobX-1.7.x_0.0.9.jar
[18:02:38] [Client thread/WARN]: ResourcePack: ignored non-lowercase namespace: multiModel in E:\Minecraft\Minecraft-1.7.10-Git\mods\littleMaidMobX-1.7.x_0.0.9.jar
[18:02:38] [Client thread/WARN]: ResourcePack: ignored non-lowercase namespace: multiModel in E:\Minecraft\Minecraft-1.7.10-Git\mods\littleMaidMobX-1.7.x_0.0.9.jar
[18:02:38] [Client thread/WARN]: ResourcePack: ignored non-lowercase namespace: multiModel in E:\Minecraft\Minecraft-1.7.10-Git\mods\littleMaidMobX-1.7.x_0.0.9.jar
[18:02:38] [Client thread/WARN]: ResourcePack: ignored non-lowercase namespace: multiModel in E:\Minecraft\Minecraft-1.7.10-Git\mods\littleMaidMobX-1.7.x_0.0.9.jar
[18:02:38] [Client thread/WARN]: ResourcePack: ignored non-lowercase namespace: multiModel in E:\Minecraft\Minecraft-1.7.10-Git\mods\littleMaidMobX-1.7.x_0.0.9.jar
[18:02:38] [Client thread/WARN]: ResourcePack: ignored non-lowercase namespace: multiModel in E:\Minecraft\Minecraft-1.7.10-Git\mods\littleMaidMobX-1.7.x_0.0.9.jar
[18:02:38] [Client thread/WARN]: ResourcePack: ignored non-lowercase namespace: multiModel in E:\Minecraft\Minecraft-1.7.10-Git\mods\littleMaidMobX-1.7.x_0.0.9.jar
[18:02:38] [Client thread/WARN]: ResourcePack: ignored non-lowercase namespace: multiModel in E:\Minecraft\Minecraft-1.7.10-Git\mods\littleMaidMobX-1.7.x_0.0.9.jar
[18:02:38] [Client thread/WARN]: ResourcePack: ignored non-lowercase namespace: multiModel in E:\Minecraft\Minecraft-1.7.10-Git\mods\littleMaidMobX-1.7.x_0.0.9.jar
[18:02:38] [Client thread/WARN]: ResourcePack: ignored non-lowercase namespace: multiModel in E:\Minecraft\Minecraft-1.7.10-Git\mods\littleMaidMobX-1.7.x_0.0.9.jar
[18:02:38] [Client thread/WARN]: ResourcePack: ignored non-lowercase namespace: multiModel in E:\Minecraft\Minecraft-1.7.10-Git\mods\littleMaidMobX-1.7.x_0.0.9.jar
[18:02:38] [Client thread/WARN]: ResourcePack: ignored non-lowercase namespace: multiModel in E:\Minecraft\Minecraft-1.7.10-Git\mods\littleMaidMobX-1.7.x_0.0.9.jar
[18:02:38] [Client thread/WARN]: ResourcePack: ignored non-lowercase namespace: multiModel in E:\Minecraft\Minecraft-1.7.10-Git\mods\littleMaidMobX-1.7.x_0.0.9.jar
[18:02:38] [Client thread/WARN]: ResourcePack: ignored non-lowercase namespace: multiModel in E:\Minecraft\Minecraft-1.7.10-Git\mods\littleMaidMobX-1.7.x_0.0.9.jar
[18:02:38] [Client thread/WARN]: ResourcePack: ignored non-lowercase namespace: multiModel in E:\Minecraft\Minecraft-1.7.10-Git\mods\littleMaidMobX-1.7.x_0.0.9.jar
[18:02:38] [Client thread/WARN]: ResourcePack: ignored non-lowercase namespace: multiModel in E:\Minecraft\Minecraft-1.7.10-Git\mods\littleMaidMobX-1.7.x_0.0.9.jar
[18:02:38] [Client thread/WARN]: ResourcePack: ignored non-lowercase namespace: multiModel in E:\Minecraft\Minecraft-1.7.10-Git\mods\littleMaidMobX-1.7.x_0.0.9.jar
[18:02:38] [Client thread/WARN]: ResourcePack: ignored non-lowercase namespace: multiModel in E:\Minecraft\Minecraft-1.7.10-Git\mods\littleMaidMobX-1.7.x_0.0.9.jar
[18:02:38] [Client thread/WARN]: ResourcePack: ignored non-lowercase namespace: multiModel in E:\Minecraft\Minecraft-1.7.10-Git\mods\littleMaidMobX-1.7.x_0.0.9.jar
[18:02:38] [Client thread/WARN]: ResourcePack: ignored non-lowercase namespace: multiModel in E:\Minecraft\Minecraft-1.7.10-Git\mods\littleMaidMobX-1.7.x_0.0.9.jar
[18:02:38] [Client thread/WARN]: ResourcePack: ignored non-lowercase namespace: multiModel in E:\Minecraft\Minecraft-1.7.10-Git\mods\littleMaidMobX-1.7.x_0.0.9.jar
[18:02:38] [Client thread/WARN]: ResourcePack: ignored non-lowercase namespace: multiModel in E:\Minecraft\Minecraft-1.7.10-Git\mods\littleMaidMobX-1.7.x_0.0.9.jar
[18:02:38] [Client thread/WARN]: ResourcePack: ignored non-lowercase namespace: multiModel in E:\Minecraft\Minecraft-1.7.10-Git\mods\littleMaidMobX-1.7.x_0.0.9.jar
[18:02:38] [Client thread/WARN]: ResourcePack: ignored non-lowercase namespace: multiModel in E:\Minecraft\Minecraft-1.7.10-Git\mods\littleMaidMobX-1.7.x_0.0.9.jar
[18:02:38] [Client thread/WARN]: ResourcePack: ignored non-lowercase namespace: multiModel in E:\Minecraft\Minecraft-1.7.10-Git\mods\littleMaidMobX-1.7.x_0.0.9.jar
[18:02:38] [Client thread/WARN]: ResourcePack: ignored non-lowercase namespace: multiModel in E:\Minecraft\Minecraft-1.7.10-Git\mods\littleMaidMobX-1.7.x_0.0.9.jar
[18:02:38] [Client thread/WARN]: ResourcePack: ignored non-lowercase namespace: multiModel in E:\Minecraft\Minecraft-1.7.10-Git\mods\littleMaidMobX-1.7.x_0.0.9.jar
[18:02:38] [Client thread/WARN]: ResourcePack: ignored non-lowercase namespace: multiModel in E:\Minecraft\Minecraft-1.7.10-Git\mods\littleMaidMobX-1.7.x_0.0.9.jar
[18:02:38] [Client thread/WARN]: ResourcePack: ignored non-lowercase namespace: multiModel in E:\Minecraft\Minecraft-1.7.10-Git\mods\littleMaidMobX-1.7.x_0.0.9.jar
[18:02:38] [Client thread/WARN]: ResourcePack: ignored non-lowercase namespace: multiModel in E:\Minecraft\Minecraft-1.7.10-Git\mods\littleMaidMobX-1.7.x_0.0.9.jar
[18:02:38] [Client thread/WARN]: ResourcePack: ignored non-lowercase namespace: multiModel in E:\Minecraft\Minecraft-1.7.10-Git\mods\littleMaidMobX-1.7.x_0.0.9.jar
[18:02:38] [Client thread/WARN]: ResourcePack: ignored non-lowercase namespace: multiModel in E:\Minecraft\Minecraft-1.7.10-Git\mods\littleMaidMobX-1.7.x_0.0.9.jar
[18:02:38] [Client thread/WARN]: ResourcePack: ignored non-lowercase namespace: multiModel in E:\Minecraft\Minecraft-1.7.10-Git\mods\littleMaidMobX-1.7.x_0.0.9.jar
[18:02:38] [Client thread/WARN]: ResourcePack: ignored non-lowercase namespace: multiModel in E:\Minecraft\Minecraft-1.7.10-Git\mods\littleMaidMobX-1.7.x_0.0.9.jar
[18:02:38] [Client thread/WARN]: ResourcePack: ignored non-lowercase namespace: multiModel in E:\Minecraft\Minecraft-1.7.10-Git\mods\littleMaidMobX-1.7.x_0.0.9.jar
[18:02:38] [Client thread/WARN]: ResourcePack: ignored non-lowercase namespace: multiModel in E:\Minecraft\Minecraft-1.7.10-Git\mods\littleMaidMobX-1.7.x_0.0.9.jar
[18:02:38] [Client thread/WARN]: ResourcePack: ignored non-lowercase namespace: multiModel in E:\Minecraft\Minecraft-1.7.10-Git\mods\littleMaidMobX-1.7.x_0.0.9.jar
[18:02:38] [Client thread/WARN]: ResourcePack: ignored non-lowercase namespace: multiModel in E:\Minecraft\Minecraft-1.7.10-Git\mods\littleMaidMobX-1.7.x_0.0.9.jar
[18:02:38] [Client thread/WARN]: ResourcePack: ignored non-lowercase namespace: multiModel in E:\Minecraft\Minecraft-1.7.10-Git\mods\littleMaidMobX-1.7.x_0.0.9.jar
[18:02:38] [Client thread/WARN]: ResourcePack: ignored non-lowercase namespace: multiModel in E:\Minecraft\Minecraft-1.7.10-Git\mods\littleMaidMobX-1.7.x_0.0.9.jar
[18:02:38] [Client thread/WARN]: ResourcePack: ignored non-lowercase namespace: multiModel in E:\Minecraft\Minecraft-1.7.10-Git\mods\littleMaidMobX-1.7.x_0.0.9.jar
[18:02:38] [Client thread/WARN]: ResourcePack: ignored non-lowercase namespace: multiModel in E:\Minecraft\Minecraft-1.7.10-Git\mods\littleMaidMobX-1.7.x_0.0.9.jar
[18:02:38] [Client thread/WARN]: ResourcePack: ignored non-lowercase namespace: multiModel in E:\Minecraft\Minecraft-1.7.10-Git\mods\littleMaidMobX-1.7.x_0.0.9.jar
[18:02:38] [Client thread/WARN]: ResourcePack: ignored non-lowercase namespace: multiModel in E:\Minecraft\Minecraft-1.7.10-Git\mods\littleMaidMobX-1.7.x_0.0.9.jar
[18:02:38] [Client thread/WARN]: ResourcePack: ignored non-lowercase namespace: multiModel in E:\Minecraft\Minecraft-1.7.10-Git\mods\littleMaidMobX-1.7.x_0.0.9.jar
[18:02:38] [Client thread/WARN]: ResourcePack: ignored non-lowercase namespace: multiModel in E:\Minecraft\Minecraft-1.7.10-Git\mods\littleMaidMobX-1.7.x_0.0.9.jar
[18:02:38] [Client thread/WARN]: ResourcePack: ignored non-lowercase namespace: multiModel in E:\Minecraft\Minecraft-1.7.10-Git\mods\littleMaidMobX-1.7.x_0.0.9.jar
[18:02:38] [Client thread/WARN]: ResourcePack: ignored non-lowercase namespace: multiModel in E:\Minecraft\Minecraft-1.7.10-Git\mods\littleMaidMobX-1.7.x_0.0.9.jar
[18:02:38] [Client thread/WARN]: ResourcePack: ignored non-lowercase namespace: multiModel in E:\Minecraft\Minecraft-1.7.10-Git\mods\littleMaidMobX-1.7.x_0.0.9.jar
[18:02:38] [Client thread/WARN]: ResourcePack: ignored non-lowercase namespace: multiModel in E:\Minecraft\Minecraft-1.7.10-Git\mods\littleMaidMobX-1.7.x_0.0.9.jar
[18:02:38] [Client thread/WARN]: ResourcePack: ignored non-lowercase namespace: multiModel in E:\Minecraft\Minecraft-1.7.10-Git\mods\littleMaidMobX-1.7.x_0.0.9.jar
[18:02:38] [Client thread/WARN]: ResourcePack: ignored non-lowercase namespace: multiModel in E:\Minecraft\Minecraft-1.7.10-Git\mods\littleMaidMobX-1.7.x_0.0.9.jar
[18:02:38] [Client thread/WARN]: ResourcePack: ignored non-lowercase namespace: multiModel in E:\Minecraft\Minecraft-1.7.10-Git\mods\littleMaidMobX-1.7.x_0.0.9.jar
[18:02:38] [Client thread/WARN]: ResourcePack: ignored non-lowercase namespace: multiModel in E:\Minecraft\Minecraft-1.7.10-Git\mods\littleMaidMobX-1.7.x_0.0.9.jar
[18:02:38] [Client thread/WARN]: ResourcePack: ignored non-lowercase namespace: multiModel in E:\Minecraft\Minecraft-1.7.10-Git\mods\littleMaidMobX-1.7.x_0.0.9.jar
[18:02:38] [Client thread/WARN]: ResourcePack: ignored non-lowercase namespace: multiModel in E:\Minecraft\Minecraft-1.7.10-Git\mods\littleMaidMobX-1.7.x_0.0.9.jar
[18:02:38] [Client thread/WARN]: ResourcePack: ignored non-lowercase namespace: multiModel in E:\Minecraft\Minecraft-1.7.10-Git\mods\littleMaidMobX-1.7.x_0.0.9.jar
[18:02:38] [Client thread/WARN]: ResourcePack: ignored non-lowercase namespace: multiModel in E:\Minecraft\Minecraft-1.7.10-Git\mods\littleMaidMobX-1.7.x_0.0.9.jar
[18:02:38] [Client thread/WARN]: ResourcePack: ignored non-lowercase namespace: multiModel in E:\Minecraft\Minecraft-1.7.10-Git\mods\littleMaidMobX-1.7.x_0.0.9.jar
[18:02:38] [Client thread/WARN]: ResourcePack: ignored non-lowercase namespace: multiModel in E:\Minecraft\Minecraft-1.7.10-Git\mods\littleMaidMobX-1.7.x_0.0.9.jar
[18:02:38] [Client thread/WARN]: ResourcePack: ignored non-lowercase namespace: multiModel in E:\Minecraft\Minecraft-1.7.10-Git\mods\littleMaidMobX-1.7.x_0.0.9.jar
[18:02:38] [Client thread/WARN]: ResourcePack: ignored non-lowercase namespace: multiModel in E:\Minecraft\Minecraft-1.7.10-Git\mods\littleMaidMobX-1.7.x_0.0.9.jar
[18:02:38] [Client thread/WARN]: ResourcePack: ignored non-lowercase namespace: multiModel in E:\Minecraft\Minecraft-1.7.10-Git\mods\littleMaidMobX-1.7.x_0.0.9.jar
[18:02:38] [Client thread/WARN]: ResourcePack: ignored non-lowercase namespace: multiModel in E:\Minecraft\Minecraft-1.7.10-Git\mods\littleMaidMobX-1.7.x_0.0.9.jar
[18:02:38] [Client thread/WARN]: ResourcePack: ignored non-lowercase namespace: multiModel in E:\Minecraft\Minecraft-1.7.10-Git\mods\littleMaidMobX-1.7.x_0.0.9.jar
[18:02:38] [Client thread/WARN]: ResourcePack: ignored non-lowercase namespace: multiModel in E:\Minecraft\Minecraft-1.7.10-Git\mods\littleMaidMobX-1.7.x_0.0.9.jar
[18:02:38] [Client thread/WARN]: ResourcePack: ignored non-lowercase namespace: multiModel in E:\Minecraft\Minecraft-1.7.10-Git\mods\littleMaidMobX-1.7.x_0.0.9.jar
[18:02:38] [Client thread/WARN]: ResourcePack: ignored non-lowercase namespace: multiModel in E:\Minecraft\Minecraft-1.7.10-Git\mods\littleMaidMobX-1.7.x_0.0.9.jar
[18:02:38] [Client thread/WARN]: ResourcePack: ignored non-lowercase namespace: multiModel in E:\Minecraft\Minecraft-1.7.10-Git\mods\littleMaidMobX-1.7.x_0.0.9.jar
[18:02:38] [Client thread/WARN]: ResourcePack: ignored non-lowercase namespace: multiModel in E:\Minecraft\Minecraft-1.7.10-Git\mods\littleMaidMobX-1.7.x_0.0.9.jar
[18:02:38] [Client thread/WARN]: ResourcePack: ignored non-lowercase namespace: multiModel in E:\Minecraft\Minecraft-1.7.10-Git\mods\littleMaidMobX-1.7.x_0.0.9.jar
[18:02:38] [Client thread/WARN]: ResourcePack: ignored non-lowercase namespace: multiModel in E:\Minecraft\Minecraft-1.7.10-Git\mods\littleMaidMobX-1.7.x_0.0.9.jar
[18:02:38] [Client thread/WARN]: ResourcePack: ignored non-lowercase namespace: multiModel in E:\Minecraft\Minecraft-1.7.10-Git\mods\littleMaidMobX-1.7.x_0.0.9.jar
[18:02:38] [Client thread/WARN]: ResourcePack: ignored non-lowercase namespace: multiModel in E:\Minecraft\Minecraft-1.7.10-Git\mods\littleMaidMobX-1.7.x_0.0.9.jar
[18:02:38] [Client thread/WARN]: ResourcePack: ignored non-lowercase namespace: multiModel in E:\Minecraft\Minecraft-1.7.10-Git\mods\littleMaidMobX-1.7.x_0.0.9.jar
[18:02:38] [Client thread/WARN]: ResourcePack: ignored non-lowercase namespace: multiModel in E:\Minecraft\Minecraft-1.7.10-Git\mods\littleMaidMobX-1.7.x_0.0.9.jar
[18:02:38] [Client thread/WARN]: ResourcePack: ignored non-lowercase namespace: multiModel in E:\Minecraft\Minecraft-1.7.10-Git\mods\littleMaidMobX-1.7.x_0.0.9.jar
[18:02:38] [Client thread/WARN]: ResourcePack: ignored non-lowercase namespace: multiModel in E:\Minecraft\Minecraft-1.7.10-Git\mods\littleMaidMobX-1.7.x_0.0.9.jar
[18:02:38] [Client thread/WARN]: ResourcePack: ignored non-lowercase namespace: multiModel in E:\Minecraft\Minecraft-1.7.10-Git\mods\littleMaidMobX-1.7.x_0.0.9.jar
[18:02:38] [Client thread/WARN]: ResourcePack: ignored non-lowercase namespace: multiModel in E:\Minecraft\Minecraft-1.7.10-Git\mods\littleMaidMobX-1.7.x_0.0.9.jar
[18:02:38] [Client thread/WARN]: ResourcePack: ignored non-lowercase namespace: multiModel in E:\Minecraft\Minecraft-1.7.10-Git\mods\littleMaidMobX-1.7.x_0.0.9.jar
[18:02:38] [Client thread/WARN]: ResourcePack: ignored non-lowercase namespace: multiModel in E:\Minecraft\Minecraft-1.7.10-Git\mods\littleMaidMobX-1.7.x_0.0.9.jar
[18:02:38] [Client thread/WARN]: ResourcePack: ignored non-lowercase namespace: multiModel in E:\Minecraft\Minecraft-1.7.10-Git\mods\littleMaidMobX-1.7.x_0.0.9.jar
[18:02:38] [Client thread/WARN]: ResourcePack: ignored non-lowercase namespace: multiModel in E:\Minecraft\Minecraft-1.7.10-Git\mods\littleMaidMobX-1.7.x_0.0.9.jar
[18:02:38] [Client thread/WARN]: ResourcePack: ignored non-lowercase namespace: multiModel in E:\Minecraft\Minecraft-1.7.10-Git\mods\littleMaidMobX-1.7.x_0.0.9.jar
[18:02:38] [Client thread/WARN]: ResourcePack: ignored non-lowercase namespace: multiModel in E:\Minecraft\Minecraft-1.7.10-Git\mods\littleMaidMobX-1.7.x_0.0.9.jar
[18:02:38] [Client thread/WARN]: ResourcePack: ignored non-lowercase namespace: multiModel in E:\Minecraft\Minecraft-1.7.10-Git\mods\littleMaidMobX-1.7.x_0.0.9.jar
[18:02:38] [Client thread/WARN]: ResourcePack: ignored non-lowercase namespace: multiModel in E:\Minecraft\Minecraft-1.7.10-Git\mods\littleMaidMobX-1.7.x_0.0.9.jar
[18:02:38] [Client thread/WARN]: ResourcePack: ignored non-lowercase namespace: multiModel in E:\Minecraft\Minecraft-1.7.10-Git\mods\littleMaidMobX-1.7.x_0.0.9.jar
[18:02:38] [Client thread/WARN]: ResourcePack: ignored non-lowercase namespace: multiModel in E:\Minecraft\Minecraft-1.7.10-Git\mods\littleMaidMobX-1.7.x_0.0.9.jar
[18:02:38] [Client thread/WARN]: ResourcePack: ignored non-lowercase namespace: multiModel in E:\Minecraft\Minecraft-1.7.10-Git\mods\littleMaidMobX-1.7.x_0.0.9.jar
[18:02:38] [Client thread/WARN]: ResourcePack: ignored non-lowercase namespace: multiModel in E:\Minecraft\Minecraft-1.7.10-Git\mods\littleMaidMobX-1.7.x_0.0.9.jar
[18:02:38] [Client thread/WARN]: ResourcePack: ignored non-lowercase namespace: multiModel in E:\Minecraft\Minecraft-1.7.10-Git\mods\littleMaidMobX-1.7.x_0.0.9.jar
[18:02:38] [Client thread/WARN]: ResourcePack: ignored non-lowercase namespace: multiModel in E:\Minecraft\Minecraft-1.7.10-Git\mods\littleMaidMobX-1.7.x_0.0.9.jar
[18:02:38] [Client thread/WARN]: ResourcePack: ignored non-lowercase namespace: multiModel in E:\Minecraft\Minecraft-1.7.10-Git\mods\littleMaidMobX-1.7.x_0.0.9.jar
[18:02:38] [Client thread/WARN]: ResourcePack: ignored non-lowercase namespace: multiModel in E:\Minecraft\Minecraft-1.7.10-Git\mods\littleMaidMobX-1.7.x_0.0.9.jar
[18:02:38] [Client thread/WARN]: ResourcePack: ignored non-lowercase namespace: multiModel in E:\Minecraft\Minecraft-1.7.10-Git\mods\littleMaidMobX-1.7.x_0.0.9.jar
[18:02:38] [Client thread/WARN]: ResourcePack: ignored non-lowercase namespace: multiModel in E:\Minecraft\Minecraft-1.7.10-Git\mods\littleMaidMobX-1.7.x_0.0.9.jar
[18:02:38] [Client thread/WARN]: ResourcePack: ignored non-lowercase namespace: multiModel in E:\Minecraft\Minecraft-1.7.10-Git\mods\littleMaidMobX-1.7.x_0.0.9.jar
[18:02:38] [Client thread/WARN]: ResourcePack: ignored non-lowercase namespace: multiModel in E:\Minecraft\Minecraft-1.7.10-Git\mods\littleMaidMobX-1.7.x_0.0.9.jar
[18:02:38] [Client thread/WARN]: ResourcePack: ignored non-lowercase namespace: multiModel in E:\Minecraft\Minecraft-1.7.10-Git\mods\littleMaidMobX-1.7.x_0.0.9.jar
[18:02:38] [Client thread/WARN]: ResourcePack: ignored non-lowercase namespace: multiModel in E:\Minecraft\Minecraft-1.7.10-Git\mods\littleMaidMobX-1.7.x_0.0.9.jar
[18:02:38] [Client thread/WARN]: ResourcePack: ignored non-lowercase namespace: multiModel in E:\Minecraft\Minecraft-1.7.10-Git\mods\littleMaidMobX-1.7.x_0.0.9.jar
[18:02:38] [Client thread/WARN]: ResourcePack: ignored non-lowercase namespace: multiModel in E:\Minecraft\Minecraft-1.7.10-Git\mods\littleMaidMobX-1.7.x_0.0.9.jar
[18:02:38] [Client thread/WARN]: ResourcePack: ignored non-lowercase namespace: multiModel in E:\Minecraft\Minecraft-1.7.10-Git\mods\littleMaidMobX-1.7.x_0.0.9.jar
[18:02:38] [Client thread/WARN]: ResourcePack: ignored non-lowercase namespace: multiModel in E:\Minecraft\Minecraft-1.7.10-Git\mods\littleMaidMobX-1.7.x_0.0.9.jar
[18:02:38] [Client thread/WARN]: ResourcePack: ignored non-lowercase namespace: multiModel in E:\Minecraft\Minecraft-1.7.10-Git\mods\littleMaidMobX-1.7.x_0.0.9.jar
[18:02:38] [Client thread/WARN]: ResourcePack: ignored non-lowercase namespace: multiModel in E:\Minecraft\Minecraft-1.7.10-Git\mods\littleMaidMobX-1.7.x_0.0.9.jar
[18:02:38] [Client thread/WARN]: ResourcePack: ignored non-lowercase namespace: multiModel in E:\Minecraft\Minecraft-1.7.10-Git\mods\littleMaidMobX-1.7.x_0.0.9.jar
[18:02:38] [Client thread/WARN]: ResourcePack: ignored non-lowercase namespace: multiModel in E:\Minecraft\Minecraft-1.7.10-Git\mods\littleMaidMobX-1.7.x_0.0.9.jar
[18:02:38] [Client thread/WARN]: ResourcePack: ignored non-lowercase namespace: multiModel in E:\Minecraft\Minecraft-1.7.10-Git\mods\littleMaidMobX-1.7.x_0.0.9.jar
[18:02:38] [Client thread/WARN]: ResourcePack: ignored non-lowercase namespace: multiModel in E:\Minecraft\Minecraft-1.7.10-Git\mods\littleMaidMobX-1.7.x_0.0.9.jar
[18:02:38] [Client thread/WARN]: ResourcePack: ignored non-lowercase namespace: multiModel in E:\Minecraft\Minecraft-1.7.10-Git\mods\littleMaidMobX-1.7.x_0.0.9.jar
[18:02:38] [Client thread/WARN]: ResourcePack: ignored non-lowercase namespace: multiModel in E:\Minecraft\Minecraft-1.7.10-Git\mods\littleMaidMobX-1.7.x_0.0.9.jar
[18:02:38] [Client thread/WARN]: ResourcePack: ignored non-lowercase namespace: multiModel in E:\Minecraft\Minecraft-1.7.10-Git\mods\littleMaidMobX-1.7.x_0.0.9.jar
[18:02:38] [Client thread/WARN]: ResourcePack: ignored non-lowercase namespace: multiModel in E:\Minecraft\Minecraft-1.7.10-Git\mods\littleMaidMobX-1.7.x_0.0.9.jar
[18:02:38] [Client thread/WARN]: ResourcePack: ignored non-lowercase namespace: multiModel in E:\Minecraft\Minecraft-1.7.10-Git\mods\littleMaidMobX-1.7.x_0.0.9.jar
[18:02:38] [Client thread/WARN]: ResourcePack: ignored non-lowercase namespace: multiModel in E:\Minecraft\Minecraft-1.7.10-Git\mods\littleMaidMobX-1.7.x_0.0.9.jar
[18:02:38] [Client thread/WARN]: ResourcePack: ignored non-lowercase namespace: multiModel in E:\Minecraft\Minecraft-1.7.10-Git\mods\littleMaidMobX-1.7.x_0.0.9.jar
[18:02:38] [Client thread/WARN]: ResourcePack: ignored non-lowercase namespace: multiModel in E:\Minecraft\Minecraft-1.7.10-Git\mods\littleMaidMobX-1.7.x_0.0.9.jar
[18:02:38] [Client thread/WARN]: ResourcePack: ignored non-lowercase namespace: multiModel in E:\Minecraft\Minecraft-1.7.10-Git\mods\littleMaidMobX-1.7.x_0.0.9.jar
[18:02:38] [Client thread/WARN]: ResourcePack: ignored non-lowercase namespace: multiModel in E:\Minecraft\Minecraft-1.7.10-Git\mods\littleMaidMobX-1.7.x_0.0.9.jar
[18:02:38] [Client thread/WARN]: ResourcePack: ignored non-lowercase namespace: multiModel in E:\Minecraft\Minecraft-1.7.10-Git\mods\littleMaidMobX-1.7.x_0.0.9.jar
[18:02:38] [Client thread/WARN]: ResourcePack: ignored non-lowercase namespace: multiModel in E:\Minecraft\Minecraft-1.7.10-Git\mods\littleMaidMobX-1.7.x_0.0.9.jar
[18:02:38] [Client thread/WARN]: ResourcePack: ignored non-lowercase namespace: multiModel in E:\Minecraft\Minecraft-1.7.10-Git\mods\littleMaidMobX-1.7.x_0.0.9.jar
[18:02:40] [Client thread/INFO]: Created: 1024x512 textures/blocks-atlas
[18:02:41] [Client thread/INFO]: Created: 1024x512 textures/items-atlas
[18:02:42] [Client thread/WARN]: File lmmx:sounds/akari1.ogg does not exist, cannot add it to event lmmx:akari
[18:02:42] [Client thread/WARN]: File lmmx:sounds/akari2.ogg does not exist, cannot add it to event lmmx:akari
[18:02:42] [Client thread/WARN]: File lmmx:sounds/akari3.ogg does not exist, cannot add it to event lmmx:akari
[18:02:42] [Client thread/WARN]: File lmmx:sounds/attack01.ogg does not exist, cannot add it to event lmmx:attack
[18:02:42] [Client thread/WARN]: File lmmx:sounds/attack02.ogg does not exist, cannot add it to event lmmx:attack
[18:02:42] [Client thread/WARN]: File lmmx:sounds/attack03.ogg does not exist, cannot add it to event lmmx:attack
[18:02:42] [Client thread/WARN]: File lmmx:sounds/auau.ogg does not exist, cannot add it to event lmmx:auau
[18:02:42] [Client thread/WARN]: File lmmx:sounds/cold01.ogg does not exist, cannot add it to event lmmx:cold
[18:02:42] [Client thread/WARN]: File lmmx:sounds/cold02.ogg does not exist, cannot add it to event lmmx:cold
[18:02:42] [Client thread/WARN]: File lmmx:sounds/cold03.ogg does not exist, cannot add it to event lmmx:cold
[18:02:42] [Client thread/WARN]: File lmmx:sounds/cold04.ogg does not exist, cannot add it to event lmmx:cold
[18:02:42] [Client thread/WARN]: File lmmx:sounds/cold05.ogg does not exist, cannot add it to event lmmx:cold
[18:02:42] [Client thread/WARN]: File lmmx:sounds/cold06.ogg does not exist, cannot add it to event lmmx:cold
[18:02:42] [Client thread/WARN]: File lmmx:sounds/cold07.ogg does not exist, cannot add it to event lmmx:cold
[18:02:42] [Client thread/WARN]: File lmmx:sounds/cold08.ogg does not exist, cannot add it to event lmmx:cold
[18:02:42] [Client thread/WARN]: File lmmx:sounds/cold09.ogg does not exist, cannot add it to event lmmx:cold
[18:02:42] [Client thread/WARN]: File lmmx:sounds/cold10.ogg does not exist, cannot add it to event lmmx:cold
[18:02:42] [Client thread/WARN]: File lmmx:sounds/collect_snow1.ogg does not exist, cannot add it to event lmmx:collect_snow
[18:02:42] [Client thread/WARN]: File lmmx:sounds/collect_snow2.ogg does not exist, cannot add it to event lmmx:collect_snow
[18:02:42] [Client thread/WARN]: File lmmx:sounds/collect_snow3.ogg does not exist, cannot add it to event lmmx:collect_snow
[18:02:42] [Client thread/WARN]: File lmmx:sounds/death.ogg does not exist, cannot add it to event lmmx:death
[18:02:42] [Client thread/WARN]: File lmmx:sounds/dekitaa01.ogg does not exist, cannot add it to event lmmx:dekitaa
[18:02:42] [Client thread/WARN]: File lmmx:sounds/dekitaa02.ogg does not exist, cannot add it to event lmmx:dekitaa
[18:02:42] [Client thread/WARN]: File lmmx:sounds/eatSugar1.ogg does not exist, cannot add it to event lmmx:eatSugar
[18:02:42] [Client thread/WARN]: File lmmx:sounds/eatSugar2.ogg does not exist, cannot add it to event lmmx:eatSugar
[18:02:42] [Client thread/WARN]: File lmmx:sounds/eatSugar3.ogg does not exist, cannot add it to event lmmx:eatSugar
[18:02:42] [Client thread/WARN]: File lmmx:sounds/ei.ogg does not exist, cannot add it to event lmmx:ei
[18:02:42] [Client thread/WARN]: File lmmx:sounds/finditem01.ogg does not exist, cannot add it to event lmmx:finditem
[18:02:42] [Client thread/WARN]: File lmmx:sounds/finditem02.ogg does not exist, cannot add it to event lmmx:finditem
[18:02:42] [Client thread/WARN]: File lmmx:sounds/finditem03.ogg does not exist, cannot add it to event lmmx:finditem
[18:02:42] [Client thread/WARN]: File lmmx:sounds/findTargetB01.ogg does not exist, cannot add it to event lmmx:findTargetB
[18:02:42] [Client thread/WARN]: File lmmx:sounds/findTargetB02.ogg does not exist, cannot add it to event lmmx:findTargetB
[18:02:42] [Client thread/WARN]: File lmmx:sounds/fire.ogg does not exist, cannot add it to event lmmx:fire
[18:02:42] [Client thread/WARN]: File lmmx:sounds/haa_04.ogg does not exist, cannot add it to event lmmx:haa_
[18:02:42] [Client thread/WARN]: File lmmx:sounds/healing.ogg does not exist, cannot add it to event lmmx:healing
[18:02:42] [Client thread/WARN]: File lmmx:sounds/hora.ogg does not exist, cannot add it to event lmmx:hora
[18:02:42] [Client thread/WARN]: File lmmx:sounds/hot01.ogg does not exist, cannot add it to event lmmx:hot
[18:02:42] [Client thread/WARN]: File lmmx:sounds/hot02.ogg does not exist, cannot add it to event lmmx:hot
[18:02:42] [Client thread/WARN]: File lmmx:sounds/hot03.ogg does not exist, cannot add it to event lmmx:hot
[18:02:42] [Client thread/WARN]: File lmmx:sounds/hot04.ogg does not exist, cannot add it to event lmmx:hot
[18:02:42] [Client thread/WARN]: File lmmx:sounds/hot05.ogg does not exist, cannot add it to event lmmx:hot
[18:02:42] [Client thread/WARN]: File lmmx:sounds/hot06.ogg does not exist, cannot add it to event lmmx:hot
[18:02:42] [Client thread/WARN]: File lmmx:sounds/hot07.ogg does not exist, cannot add it to event lmmx:hot
[18:02:42] [Client thread/WARN]: File lmmx:sounds/hot08.ogg does not exist, cannot add it to event lmmx:hot
[18:02:42] [Client thread/WARN]: File lmmx:sounds/hot09.ogg does not exist, cannot add it to event lmmx:hot
[18:02:42] [Client thread/WARN]: File lmmx:sounds/hot10.ogg does not exist, cannot add it to event lmmx:hot
[18:02:42] [Client thread/WARN]: File lmmx:sounds/hurt_snow1.ogg does not exist, cannot add it to event lmmx:hurt_snow
[18:02:42] [Client thread/WARN]: File lmmx:sounds/hurt_snow2.ogg does not exist, cannot add it to event lmmx:hurt_snow
[18:02:42] [Client thread/WARN]: File lmmx:sounds/hurt_snow3.ogg does not exist, cannot add it to event lmmx:hurt_snow
[18:02:42] [Client thread/WARN]: File lmmx:sounds/hurt01.ogg does not exist, cannot add it to event lmmx:hurt
[18:02:42] [Client thread/WARN]: File lmmx:sounds/hurt02.ogg does not exist, cannot add it to event lmmx:hurt
[18:02:42] [Client thread/WARN]: File lmmx:sounds/hurt03.ogg does not exist, cannot add it to event lmmx:hurt
[18:02:42] [Client thread/WARN]: File lmmx:sounds/keiyaku01.ogg does not exist, cannot add it to event lmmx:keiyaku
[18:02:42] [Client thread/WARN]: File lmmx:sounds/keiyaku02.ogg does not exist, cannot add it to event lmmx:keiyaku
[18:02:42] [Client thread/WARN]: File lmmx:sounds/keiyaku03.ogg does not exist, cannot add it to event lmmx:keiyaku
[18:02:42] [Client thread/WARN]: File lmmx:sounds/keiyaku04.ogg does not exist, cannot add it to event lmmx:keiyaku
[18:02:42] [Client thread/WARN]: File lmmx:sounds/keiyaku05.ogg does not exist, cannot add it to event lmmx:keiyaku
[18:02:42] [Client thread/WARN]: File lmmx:sounds/living_night1.ogg does not exist, cannot add it to event lmmx:living_night
[18:02:42] [Client thread/WARN]: File lmmx:sounds/living_night2.ogg does not exist, cannot add it to event lmmx:living_night
[18:02:42] [Client thread/WARN]: File lmmx:sounds/living_night3.ogg does not exist, cannot add it to event lmmx:living_night
[18:02:42] [Client thread/WARN]: File lmmx:sounds/living_night4.ogg does not exist, cannot add it to event lmmx:living_night
[18:02:42] [Client thread/WARN]: File lmmx:sounds/living_night5.ogg does not exist, cannot add it to event lmmx:living_night
[18:02:42] [Client thread/WARN]: File lmmx:sounds/mumumu.ogg does not exist, cannot add it to event lmmx:mumumu
[18:02:42] [Client thread/WARN]: File lmmx:sounds/ohayo.ogg does not exist, cannot add it to event lmmx:ohayo
[18:02:42] [Client thread/WARN]: File lmmx:sounds/ok.ogg does not exist, cannot add it to event lmmx:ok
[18:02:42] [Client thread/WARN]: File lmmx:sounds/okaeri_02.ogg does not exist, cannot add it to event lmmx:okaeri_
[18:02:42] [Client thread/WARN]: File lmmx:sounds/otsukaresama.ogg does not exist, cannot add it to event lmmx:otsukaresama
[18:02:42] [Client thread/WARN]: File lmmx:sounds/rain1.ogg does not exist, cannot add it to event lmmx:rain
[18:02:42] [Client thread/WARN]: File lmmx:sounds/rain2.ogg does not exist, cannot add it to event lmmx:rain
[18:02:42] [Client thread/WARN]: File lmmx:sounds/rain3.ogg does not exist, cannot add it to event lmmx:rain
[18:02:42] [Client thread/WARN]: File lmmx:sounds/se_findTarget_N01.ogg does not exist, cannot add it to event lmmx:se_findTarget_N
[18:02:42] [Client thread/WARN]: File lmmx:sounds/se_findTarget_N02.ogg does not exist, cannot add it to event lmmx:se_findTarget_N
[18:02:42] [Client thread/WARN]: File lmmx:sounds/se_findTarget_N03.ogg does not exist, cannot add it to event lmmx:se_findTarget_N
[18:02:42] [Client thread/WARN]: File lmmx:sounds/se_hurt_fall01.ogg does not exist, cannot add it to event lmmx:se_hurt_fall
[18:02:42] [Client thread/WARN]: File lmmx:sounds/se_hurt_fall02.ogg does not exist, cannot add it to event lmmx:se_hurt_fall
[18:02:42] [Client thread/WARN]: File lmmx:sounds/se_hurt_fall03.ogg does not exist, cannot add it to event lmmx:se_hurt_fall
[18:02:42] [Client thread/WARN]: File lmmx:sounds/se_hurt_guard01.ogg does not exist, cannot add it to event lmmx:se_hurt_guard
[18:02:42] [Client thread/WARN]: File lmmx:sounds/se_hurt_guard02.ogg does not exist, cannot add it to event lmmx:se_hurt_guard
[18:02:42] [Client thread/WARN]: File lmmx:sounds/se_hurt_nodamege.ogg does not exist, cannot add it to event lmmx:se_hurt_nodamege
[18:02:42] [Client thread/WARN]: File lmmx:sounds/se_laughter.ogg does not exist, cannot add it to event lmmx:se_laughter
[18:02:42] [Client thread/WARN]: File lmmx:sounds/se_living_daytime01.ogg does not exist, cannot add it to event lmmx:se_living_daytime
[18:02:42] [Client thread/WARN]: File lmmx:sounds/se_living_daytime02.ogg does not exist, cannot add it to event lmmx:se_living_daytime
[18:02:42] [Client thread/WARN]: File lmmx:sounds/se_living_daytime03.ogg does not exist, cannot add it to event lmmx:se_living_daytime
[18:02:42] [Client thread/WARN]: File lmmx:sounds/se_living_daytime04.ogg does not exist, cannot add it to event lmmx:se_living_daytime
[18:02:42] [Client thread/WARN]: File lmmx:sounds/se_living_daytime05.ogg does not exist, cannot add it to event lmmx:se_living_daytime
[18:02:42] [Client thread/WARN]: File lmmx:sounds/se_living_daytime06.ogg does not exist, cannot add it to event lmmx:se_living_daytime
[18:02:42] [Client thread/WARN]: File lmmx:sounds/se_living_daytime07.ogg does not exist, cannot add it to event lmmx:se_living_daytime
[18:02:42] [Client thread/WARN]: File lmmx:sounds/se_living_daytime08.ogg does not exist, cannot add it to event lmmx:se_living_daytime
[18:02:42] [Client thread/WARN]: File lmmx:sounds/se_living_daytime09.ogg does not exist, cannot add it to event lmmx:se_living_daytime
[18:02:42] [Client thread/WARN]: File lmmx:sounds/se_living_morning01.ogg does not exist, cannot add it to event lmmx:se_living_morning
[18:02:42] [Client thread/WARN]: File lmmx:sounds/se_living_morning02.ogg does not exist, cannot add it to event lmmx:se_living_morning
[18:02:42] [Client thread/WARN]: File lmmx:sounds/se_living_morning03.ogg does not exist, cannot add it to event lmmx:se_living_morning
[18:02:42] [Client thread/WARN]: File lmmx:sounds/se_living_whine01.ogg does not exist, cannot add it to event lmmx:se_living_whine
[18:02:42] [Client thread/WARN]: File lmmx:sounds/se_living_whine02.ogg does not exist, cannot add it to event lmmx:se_living_whine
[18:02:42] [Client thread/WARN]: File lmmx:sounds/se_Recontract01.ogg does not exist, cannot add it to event lmmx:se_Recontract
[18:02:42] [Client thread/WARN]: File lmmx:sounds/se_Recontract02.ogg does not exist, cannot add it to event lmmx:se_Recontract
[18:02:42] [Client thread/WARN]: File lmmx:sounds/se_Recontract03.ogg does not exist, cannot add it to event lmmx:se_Recontract
[18:02:42] [Client thread/WARN]: File lmmx:sounds/se_shoot_burst.ogg does not exist, cannot add it to event lmmx:se_shoot_burst
[18:02:42] [Client thread/WARN]: File lmmx:sounds/tontonton.ogg does not exist, cannot add it to event lmmx:tontonton
[18:02:42] [Sound Library Loader/INFO]: Sound engine started
